* installing *source* package ‘RQDA’ ...
** package ‘RQDA’ successfully unpacked and MD5 sums checked
** R
** inst
** preparing package for lazy loading
Error in dyn.load(file, DLLpath = DLLpath, ...) : 
  unable to load shared object '/Users/gaborcsardi/works/igraph/revdep_lib/RGtk2/libs/RGtk2.so':
  dlopen(/Users/gaborcsardi/works/igraph/revdep_lib/RGtk2/libs/RGtk2.so, 6): Library not loaded: /Library/Frameworks/GTK+.framework/Versions/2.24.X11/Resources/lib/libgtk-x11-2.0.0.dylib
  Referenced from: /Users/gaborcsardi/works/igraph/revdep_lib/RGtk2/libs/RGtk2.so
  Reason: image not found
Warning: Failed to load RGtk2 dynamic library, attempting to install it.
Please install GTK+ from http://r.research.att.com/libs/GTK_2.24.17-X11.pkg
If the package still does not load, please ensure that GTK+ is installed and that it is on your PATH environment variable
IN ANY CASE, RESTART R BEFORE TRYING TO LOAD THE PACKAGE AGAIN
Error in dyn.load(file, DLLpath = DLLpath, ...) : 
  unable to load shared object '/Users/gaborcsardi/works/igraph/revdep_lib/cairoDevice/libs/cairoDevice.so':
  dlopen(/Users/gaborcsardi/works/igraph/revdep_lib/cairoDevice/libs/cairoDevice.so, 6): Library not loaded: /Library/Frameworks/GTK+.framework/Versions/2.24.X11/Resources/lib/libgtk-x11-2.0.0.dylib
  Referenced from: /Users/gaborcsardi/works/igraph/revdep_lib/cairoDevice/libs/cairoDevice.so
  Reason: image not found
Warning in fun(libname, pkgname) :
  Failed to load cairoDevice, attempting to install itError in dyn.load(file, DLLpath = DLLpath, ...) : 
  unable to load shared object '/Users/gaborcsardi/works/igraph/revdep_lib/cairoDevice/libs/cairoDevice.so':
  dlopen(/Users/gaborcsardi/works/igraph/revdep_lib/cairoDevice/libs/cairoDevice.so, 6): Library not loaded: /Library/Frameworks/GTK+.framework/Versions/2.24.X11/Resources/lib/libgtk-x11-2.0.0.dylib
  Referenced from: /Users/gaborcsardi/works/igraph/revdep_lib/cairoDevice/libs/cairoDevice.so
  Reason: image not found

Please install GTK+ from http://r.research.att.com/libs/GTK_2.18.5-X11.pkg
If the package still does not load, please ensure that GTK+ is installed and that it is on your PATH environment variable
IN ANY CASE, RESTART R BEFORE TRYING TO LOAD THE PACKAGE AGAIN
Error : .onAttach failed in attachNamespace() for 'gWidgetsRGtk2', details:
  call: .Call(name, ..., PACKAGE = PACKAGE)
  error: "S_gtk_icon_factory_new" not available for .Call() for package "RGtk2"
Error : package ‘gWidgetsRGtk2’ could not be loaded
ERROR: lazy loading failed for package ‘RQDA’
* removing ‘/Users/gaborcsardi/works/igraph/revdep_check/RQDA.Rcheck/RQDA’
