* using log directory ‘/Users/gaborcsardi/works/igraph/revdep_check/treemap.Rcheck’
* using R version 3.2.0 (2015-04-16)
* using platform: x86_64-apple-darwin13.4.0 (64-bit)
* using session charset: UTF-8
* using options ‘--no-codoc --no-manual’
* checking for file ‘treemap/DESCRIPTION’ ... OK
* checking extension type ... Package
* this is package ‘treemap’ version ‘2.2’
* checking package namespace information ... OK
* checking package dependencies ... OK
* checking if this is a source package ... OK
* checking if there is a namespace ... OK
* checking for executable files ... OK
* checking for hidden files and directories ... OK
* checking for portable file names ... OK
* checking for sufficient/correct file permissions ... OK
* checking whether package ‘treemap’ can be installed ... OK
* checking installed package size ... OK
* checking package directory ... OK
* checking DESCRIPTION meta-information ... OK
* checking top-level files ... OK
* checking for left-over files ... OK
* checking index information ... OK
* checking package subdirectories ... OK
* checking R files for non-ASCII characters ... OK
* checking R files for syntax errors ... OK
* checking whether the package can be loaded ... OK
* checking whether the package can be loaded with stated dependencies ... OK
* checking whether the package can be unloaded cleanly ... OK
* checking whether the namespace can be loaded with stated dependencies ... OK
* checking whether the namespace can be unloaded cleanly ... OK
* checking loading without being on the library search path ... OK
* checking use of S3 registration ... OK
* checking dependencies in R code ... OK
* checking S3 generic/method consistency ... OK
* checking replacement functions ... OK
* checking foreign function calls ... OK
* checking R code for possible problems ... OK
* checking Rd files ... OK
* checking Rd metadata ... OK
* checking Rd line widths ... OK
* checking Rd cross-references ... WARNING
Missing link or links in documentation object 'treegraph.Rd':
  ‘[igraph:layout]{layout}’

See section 'Cross-references' in the 'Writing R Extensions' manual.

* checking for missing documentation entries ... OK
* checking for code/documentation mismatches ... SKIPPED
* checking Rd \usage sections ... OK
* checking Rd contents ... OK
* checking for unstated dependencies in examples ... OK
* checking contents of ‘data’ directory ... OK
* checking data for non-ASCII characters ... OK
* checking data for ASCII and uncompressed saves ... OK
* checking examples ... ERROR
Running examples in ‘treemap-Ex.R’ failed
The error most likely occurred in:

> base::assign(".ptime", proc.time(), pos = "CheckExEnv")
> ### Name: treegraph
> ### Title: Create a tree graph
> ### Aliases: treegraph
> 
> ### ** Examples
> 
> data(business)
> treegraph(business, index=c("NACE1", "NACE2", "NACE3", "NACE4"), show.labels=FALSE)
> treegraph(business[business$NACE1=="F - Construction",],
+     index=c("NACE2", "NACE3", "NACE4"), show.labels=TRUE, truncate.labels=c(2,4,6))
> treegraph(business[business$NACE1=="F - Construction",],
+     index=c("NACE2", "NACE3", "NACE4"), show.labels=TRUE, truncate.labels=c(2,4,6),
+     vertex.layout=igraph::layout.fruchterman.reingold)
Error in (function (graph, coords = NULL, dim = 2, niter = 500, start.temp = sqrt(vcount(graph)),  : 
  unused arguments (circular = TRUE, root = 1)
Calls: treegraph -> do.call -> <Anonymous>
Execution halted
* DONE
Status: 1 ERROR, 1 WARNING
