* installing *source* package ‘mRMRe’ ...
** package ‘mRMRe’ successfully unpacked and MD5 sums checked
** libs
clang++ -I/Library/Frameworks/R.framework/Resources/include -DNDEBUG  -g -I/usr/local/include -I/usr/local/include/freetype2 -I/opt/X11/include    -fPIC  -Wall -mtune=core2 -g -O2  -c Data.cpp -o Data.o
clang++ -I/Library/Frameworks/R.framework/Resources/include -DNDEBUG  -g -I/usr/local/include -I/usr/local/include/freetype2 -I/opt/X11/include    -fPIC  -Wall -mtune=core2 -g -O2  -c Filter.cpp -o Filter.o
clang++ -I/Library/Frameworks/R.framework/Resources/include -DNDEBUG  -g -I/usr/local/include -I/usr/local/include/freetype2 -I/opt/X11/include    -fPIC  -Wall -mtune=core2 -g -O2  -c Math.cpp -o Math.o
clang++ -I/Library/Frameworks/R.framework/Resources/include -DNDEBUG  -g -I/usr/local/include -I/usr/local/include/freetype2 -I/opt/X11/include    -fPIC  -Wall -mtune=core2 -g -O2  -c Matrix.cpp -o Matrix.o
clang++ -I/Library/Frameworks/R.framework/Resources/include -DNDEBUG  -g -I/usr/local/include -I/usr/local/include/freetype2 -I/opt/X11/include    -fPIC  -Wall -mtune=core2 -g -O2  -c MutualInformationMatrix.cpp -o MutualInformationMatrix.o
clang++ -I/Library/Frameworks/R.framework/Resources/include -DNDEBUG  -g -I/usr/local/include -I/usr/local/include/freetype2 -I/opt/X11/include    -fPIC  -Wall -mtune=core2 -g -O2  -c exports.cpp -o exports.o
clang++ -dynamiclib -Wl,-headerpad_max_install_names -undefined dynamic_lookup -single_module -multiply_defined suppress -L/Library/Frameworks/R.framework/Resources/lib -L/usr/local/lib -o mRMRe.so Data.o Filter.o Math.o Matrix.o MutualInformationMatrix.o exports.o -F/Library/Frameworks/R.framework/.. -framework R -Wl,-framework -Wl,CoreFoundation
installing to /Users/gaborcsardi/works/igraph/revdep_check/mRMRe.Rcheck/mRMRe/libs
** R
** data
** inst
** preparing package for lazy loading
** help
*** installing help indices
** building package indices
** installing vignettes
** testing if installed package can be loaded
* DONE (mRMRe)
