* using log directory ‘/Users/gaborcsardi/works/igraph/revdep_check/PBC.Rcheck’
* using R version 3.2.0 (2015-04-16)
* using platform: x86_64-apple-darwin13.4.0 (64-bit)
* using session charset: UTF-8
* using options ‘--no-codoc --no-manual’
* checking for file ‘PBC/DESCRIPTION’ ... OK
* checking extension type ... Package
* this is package ‘PBC’ version ‘1.2’
* checking package namespace information ... OK
* checking package dependencies ... OK
* checking if this is a source package ... OK
* checking if there is a namespace ... OK
* checking for executable files ... OK
* checking for hidden files and directories ... OK
* checking for portable file names ... OK
* checking for sufficient/correct file permissions ... OK
* checking whether package ‘PBC’ can be installed ... [17s/18s] OK
* checking installed package size ... OK
* checking package directory ... OK
* checking DESCRIPTION meta-information ... OK
* checking top-level files ... OK
* checking for left-over files ... OK
* checking index information ... OK
* checking package subdirectories ... OK
* checking R files for non-ASCII characters ... OK
* checking R files for syntax errors ... OK
* checking whether the package can be loaded ... OK
* checking whether the package can be loaded with stated dependencies ... OK
* checking whether the package can be unloaded cleanly ... OK
* checking whether the namespace can be loaded with stated dependencies ... OK
* checking whether the namespace can be unloaded cleanly ... OK
* checking loading without being on the library search path ... OK
* checking use of S3 registration ... OK
* checking dependencies in R code ... OK
* checking S3 generic/method consistency ... OK
* checking replacement functions ... OK
* checking foreign function calls ... OK
* checking R code for possible problems ... OK
* checking Rd files ... OK
* checking Rd metadata ... OK
* checking Rd line widths ... OK
* checking Rd cross-references ... OK
* checking for missing documentation entries ... OK
* checking for code/documentation mismatches ... SKIPPED
* checking Rd \usage sections ... OK
* checking Rd contents ... OK
* checking for unstated dependencies in examples ... OK
* checking line endings in C/C++/Fortran sources/headers ... OK
* checking line endings in Makefiles ... OK
* checking compilation flags in Makevars ... OK
* checking for GNU extensions in Makefiles ... OK
* checking for portable use of $(BLAS_LIBS) and $(LAPACK_LIBS) ... OK
* checking compiled code ... OK
* checking sizes of PDF files under ‘inst/doc’ ... OK
* checking installed files from ‘inst/doc’ ... OK
* checking files in ‘vignettes’ ... OK
* checking examples ... ERROR
Running examples in ‘PBC-Ex.R’ failed
The error most likely occurred in:

> base::assign(".ptime", proc.time(), pos = "CheckExEnv")
> ### Name: PBC-class
> ### Title: Class "PBC" for the PBC model
> ### Aliases: getRoot,PBC-method getGraph,PBC-method getF,PBC-method
> ###   getNIteration,PBC-method getDxf,PBC-method getDxdyf,PBC-method
> ###   getGraf,PBC-method getGradxf,PBC-method getGradxdyf,PBC-method
> ###   getBINMAT,PBC-method getModel,PBC-method setDensity,PBC-method
> ###   setGradient,PBC-method pbcPlot,PBC-method pbcPlot getDxdyf getDxf
> ###   getF getGradxdyf getGradxf getGraf setGradient setDensity
> ###   phi.student1 phi.student phi.norm margin compute gradxf2.student
> ###   gradxf.norm gradxdyphi2.student gradxdyphi.norm getModel getRoot
> ###   getNIteration getGraph dxf.student dxf.norm dxdyphi.student
> ###   dxdyphi.norm getBINMAT draw getBinMat pbc igraph-class PBC-class
> 
> ### ** Examples
> 
> ## PBC class information
> showClass("PBC")
Class "PBC" [package "PBC"]

Slots:
                                                                        
Name:        root      graph          f        dxf      dxdyf       graf
Class:  character     igraph expression expression expression expression
                                                                        
Name:      gradxf   gradxdyf     BINMAT      model    density   gradient
Class: expression expression     matrix  character    numeric     vector
                 
Name:  nIteration
Class:    numeric
> ## Create a PBC object with linking family "Gumbel"
> g <- graph.formula(X1-X3,X2-X3,X3-X4,X4-X5,simplify = FALSE)
> pbcObj <- pbc(g, model="gumbel")
Error in matrix(res, ncol = 2, byrow = TRUE) : 
  unimplemented type 'expression' in 'copyMatrix'
Calls: pbc ... as.igraph.es -> inherits -> na.omit -> E -> ends -> matrix
Execution halted
* checking for unstated dependencies in ‘tests’ ... OK
* checking tests ... ERROR
Running the tests in ‘tests/optim.R’ failed.
Last 13 lines of output:
  > ## Parameters ##
  > ################
  > theta <- runif(4)
  > g <- graph.formula(X1-X4,X4-X2,X2-X3,X4-X5,simplify = FALSE)
  > 
  > ##########################
  > ## PBC objects Creation ##
  > ##########################
  > myPBCGumbel <- pbcGumbel(g)
  Error in matrix(res, ncol = 2, byrow = TRUE) : 
    unimplemented type 'expression' in 'copyMatrix'
  Calls: pbcGumbel ... as.igraph.es -> inherits -> na.omit -> E -> ends -> matrix
  Execution halted
* checking for unstated dependencies in vignettes ... OK
* checking package vignettes in ‘inst/doc’ ... OK
* checking running R code from vignettes ... ERROR
Errors in running code in vignettes:
when running code in ‘PBC.Rnw’
  ...


> g <- graph.formula(X1 - X2, X2 - X3, X3 - X4, X4 - 
+     X5, simplify = FALSE)

> myPBC <- pbcGumbel(g)

  When sourcing ‘PBC.R’:
Error: unimplemented type 'expression' in 'copyMatrix'
Execution halted

* checking re-building of vignette outputs ... NOTE
Error in re-building vignettes:
  ...
Loading required package: igraph

Attaching package: ‘igraph’

The following objects are masked from ‘package:stats’:

    decompose, spectrum

The following object is masked from ‘package:base’:

    union


Error: processing vignette 'PBC.Rnw' failed with diagnostics:
 chunk 3 
Error in matrix(res, ncol = 2, byrow = TRUE) : 
  unimplemented type 'expression' in 'copyMatrix'

Execution halted

* DONE
Status: 3 ERRORs, 1 NOTE
