* using log directory ‘/Users/gaborcsardi/works/igraph/revdep_check/TunePareto.Rcheck’
* using R version 3.2.0 (2015-04-16)
* using platform: x86_64-apple-darwin13.4.0 (64-bit)
* using session charset: UTF-8
* using options ‘--no-codoc --no-manual’
* checking for file ‘TunePareto/DESCRIPTION’ ... OK
* checking extension type ... Package
* this is package ‘TunePareto’ version ‘2.4’
* package encoding: UTF-8
* checking package namespace information ... OK
* checking package dependencies ... OK
* checking if this is a source package ... OK
* checking if there is a namespace ... OK
* checking for executable files ... OK
* checking for hidden files and directories ... OK
* checking for portable file names ... OK
* checking for sufficient/correct file permissions ... OK
* checking whether package ‘TunePareto’ can be installed ... OK
* checking installed package size ... OK
* checking package directory ... OK
* checking DESCRIPTION meta-information ... NOTE
Malformed Description field: should contain one or more complete sentences.
* checking top-level files ... OK
* checking for left-over files ... OK
* checking index information ... OK
* checking package subdirectories ... OK
* checking R files for non-ASCII characters ... OK
* checking R files for syntax errors ... OK
* checking whether the package can be loaded ... OK
* checking whether the package can be loaded with stated dependencies ... OK
* checking whether the package can be unloaded cleanly ... OK
* checking whether the namespace can be loaded with stated dependencies ... OK
* checking whether the namespace can be unloaded cleanly ... OK
* checking loading without being on the library search path ... OK
* checking use of S3 registration ... OK
* checking dependencies in R code ... NOTE
'library' or 'require' calls in package code:
  ‘gsl’ ‘igraph’ ‘snowfall’
  Please use :: or requireNamespace() instead.
  See section 'Suggested packages' in the 'Writing R Extensions' manual.
* checking S3 generic/method consistency ... NOTE
Found the following apparent S3 methods exported but not registered:
  predict.TuneParetoModel print.TuneParetoClassifier
  print.TuneParetoModel print.TuneParetoResult
See section ‘Registering S3 methods’ in the ‘Writing R Extensions’
manual.
* checking replacement functions ... OK
* checking foreign function calls ... OK
* checking R code for possible problems ... NOTE
plotDominationGraph: no visible global function definition for
  ‘graph.adjacency’
plotDominationGraph: no visible global function definition for
  ‘layout.norm’
sampleCombinations: no visible global function definition for
  ‘qrng_alloc’
sampleCombinations: no visible global function definition for
  ‘qrng_get’
tunePareto: no visible global function definition for ‘sfLibrary’
tunePareto : <anonymous>: no visible global function definition for
  ‘sfLibrary’
tunePareto: no visible global function definition for ‘sfExport’
tunePareto: no visible global function definition for ‘sfLapply’
tunePareto.NaiveBayes: no visible binding for global variable
  ‘NaiveBayes’
* checking Rd files ... OK
* checking Rd metadata ... OK
* checking Rd line widths ... OK
* checking Rd cross-references ... WARNING
Missing link or links in documentation object 'plotDominationGraph.Rd':
  ‘[igraph:plot.graph]{plot.igraph}’

See section 'Cross-references' in the 'Writing R Extensions' manual.

* checking for missing documentation entries ... OK
* checking for code/documentation mismatches ... SKIPPED
* checking Rd \usage sections ... OK
* checking Rd contents ... OK
* checking for unstated dependencies in examples ... OK
* checking line endings in C/C++/Fortran sources/headers ... OK
* checking compiled code ... OK
* checking examples ... OK
* DONE
Status: 1 WARNING, 4 NOTEs
