* using log directory ‘/Users/gaborcsardi/works/igraph/revdep_check/PROFANCY.Rcheck’
* using R version 3.2.0 (2015-04-16)
* using platform: x86_64-apple-darwin13.4.0 (64-bit)
* using session charset: UTF-8
* using options ‘--no-codoc --no-manual’
* checking for file ‘PROFANCY/DESCRIPTION’ ... OK
* this is package ‘PROFANCY’ version ‘1.0’
* checking package namespace information ... OK
* checking package dependencies ... OK
* checking if this is a source package ... OK
* checking if there is a namespace ... OK
* checking for executable files ... OK
* checking for hidden files and directories ... OK
* checking for portable file names ... OK
* checking for sufficient/correct file permissions ... OK
* checking whether package ‘PROFANCY’ can be installed ... OK
* checking installed package size ... OK
* checking package directory ... OK
* checking DESCRIPTION meta-information ... OK
* checking top-level files ... OK
* checking for left-over files ... OK
* checking index information ... OK
* checking package subdirectories ... OK
* checking R files for non-ASCII characters ... OK
* checking R files for syntax errors ... OK
* checking whether the package can be loaded ... OK
* checking whether the package can be loaded with stated dependencies ... OK
* checking whether the package can be unloaded cleanly ... OK
* checking whether the namespace can be loaded with stated dependencies ... OK
* checking whether the namespace can be unloaded cleanly ... OK
* checking loading without being on the library search path ... OK
* checking use of S3 registration ... OK
* checking dependencies in R code ... NOTE
'library' or 'require' call to ‘igraph’ which was already attached by Depends.
  Please remove these calls from your code.
* checking S3 generic/method consistency ... OK
* checking replacement functions ... OK
* checking foreign function calls ... OK
* checking R code for possible problems ... NOTE
getCandidates: no visible binding for global variable ‘envData’
getGraph: no visible binding for global variable ‘envData’
getProvidedDiseaseName: no visible binding for global variable
  ‘envData’
getSeed: no visible binding for global variable ‘envData’
getTopDiseaseMetabolites: no visible binding for global variable
  ‘envData’
* checking Rd files ... OK
* checking Rd metadata ... OK
* checking Rd line widths ... OK
* checking Rd cross-references ... OK
* checking for missing documentation entries ... OK
* checking for code/documentation mismatches ... SKIPPED
* checking Rd \usage sections ... OK
* checking Rd contents ... OK
* checking for unstated dependencies in examples ... OK
* checking contents of ‘data’ directory ... OK
* checking data for non-ASCII characters ... OK
* checking data for ASCII and uncompressed saves ... OK
* checking sizes of PDF files under ‘inst/doc’ ... OK
* checking installed files from ‘inst/doc’ ... OK
* checking files in ‘vignettes’ ... OK
* checking examples ... OK
* checking for unstated dependencies in vignettes ... OK
* checking package vignettes in ‘inst/doc’ ... OK
* checking running R code from vignettes ... ERROR
Errors in running code in vignettes:
when running code in ‘PROFANCY.Rnw’
  ...

> diseaseName <- ProvidedDiseaseName[17]

> example1 <- getTopDiseaseMetabolites(diseaseName = diseaseName, 
+     network = "EHMN", seedDefault = TRUE, showTop = 30, candidateDefault = TRUE)

  When sourcing ‘PROFANCY.R’:
Error: This graph was created by an old(er) igraph version.
  Call upgrade_graph() on it to use with the current igraph version
Execution halted

* checking re-building of vignette outputs ... NOTE
Error in re-building vignettes:
  ...
Loading required package: Matrix
Loading required package: lattice
Loading required package: igraph

Attaching package: ‘igraph’

The following objects are masked from ‘package:stats’:

    decompose, spectrum

The following object is masked from ‘package:base’:

    union


Error: processing vignette 'PROFANCY.Rnw' failed with diagnostics:
 chunk 3 
Error in check_version(graph) : 
  This graph was created by an old(er) igraph version.
  Call upgrade_graph() on it to use with the current igraph version
Execution halted

* DONE
Status: 1 ERROR, 3 NOTEs
