* using log directory ‘/Users/gaborcsardi/works/igraph/revdep_check/JGL.Rcheck’
* using R version 3.2.0 (2015-04-16)
* using platform: x86_64-apple-darwin13.4.0 (64-bit)
* using session charset: UTF-8
* using options ‘--no-codoc --no-manual’
* checking for file ‘JGL/DESCRIPTION’ ... OK
* checking extension type ... Package
* this is package ‘JGL’ version ‘2.3’
* checking package namespace information ... OK
* checking package dependencies ... OK
* checking if this is a source package ... OK
* checking if there is a namespace ... OK
* checking for executable files ... OK
* checking for hidden files and directories ... OK
* checking for portable file names ... OK
* checking for sufficient/correct file permissions ... OK
* checking whether package ‘JGL’ can be installed ... OK
* checking installed package size ... OK
* checking package directory ... OK
* checking DESCRIPTION meta-information ... OK
* checking top-level files ... OK
* checking for left-over files ... OK
* checking index information ... OK
* checking package subdirectories ... OK
* checking R files for non-ASCII characters ... OK
* checking R files for syntax errors ... OK
* checking whether the package can be loaded ... OK
* checking whether the package can be loaded with stated dependencies ... OK
* checking whether the package can be unloaded cleanly ... OK
* checking whether the namespace can be loaded with stated dependencies ... OK
* checking whether the namespace can be unloaded cleanly ... OK
* checking loading without being on the library search path ... OK
* checking use of S3 registration ... OK
* checking dependencies in R code ... NOTE
'library' or 'require' call to ‘igraph’ which was already attached by Depends.
  Please remove these calls from your code.
* checking S3 generic/method consistency ... NOTE
Found the following apparent S3 methods exported but not registered:
  plot.jgl print.jgl
See section ‘Registering S3 methods’ in the ‘Writing R Extensions’
manual.
* checking replacement functions ... OK
* checking foreign function calls ... OK
* checking R code for possible problems ... OK
* checking Rd files ... OK
* checking Rd metadata ... OK
* checking Rd line widths ... NOTE
Rd file 'JGL.Rd':
  \usage lines wider than 90 characters:
     JGL(Y,penalty="fused",lambda1,lambda2,rho=1,weights="equal",penalize.diagonal=FALSE,maxiter=500,tol=1e-5,warm=NULL,return.whole.theta=F ... [TRUNCATED]

These lines will be truncated in the PDF manual.
* checking Rd cross-references ... OK
* checking for missing documentation entries ... OK
* checking for code/documentation mismatches ... SKIPPED
* checking Rd \usage sections ... OK
* checking Rd contents ... OK
* checking for unstated dependencies in examples ... OK
* checking contents of ‘data’ directory ... OK
* checking data for non-ASCII characters ... OK
* checking data for ASCII and uncompressed saves ... OK
* checking examples ... OK
* DONE
Status: 3 NOTEs
