* using log directory ‘/Users/gaborcsardi/works/igraph/revdep_check/RCA.Rcheck’
* using R version 3.2.0 (2015-04-16)
* using platform: x86_64-apple-darwin13.4.0 (64-bit)
* using session charset: UTF-8
* using options ‘--no-codoc --no-manual’
* checking for file ‘RCA/DESCRIPTION’ ... OK
* checking extension type ... Package
* this is package ‘RCA’ version ‘1.4.5’
* checking package namespace information ... OK
* checking package dependencies ... OK
* checking if this is a source package ... OK
* checking if there is a namespace ... OK
* checking for executable files ... OK
* checking for hidden files and directories ... OK
* checking for portable file names ... OK
* checking for sufficient/correct file permissions ... OK
* checking whether package ‘RCA’ can be installed ... [70s/71s] WARNING
Found the following significant warnings:
  glpenv01.c:130:48: warning: incompatible integer to pointer conversion returning 'int' from a function with result type 'ENV *' (aka 'struct ENV *') [-Wint-conversion]
  glpenv01.c:138:43: warning: incompatible integer to pointer conversion returning 'int' from a function with result type 'ENV *' (aka 'struct ENV *') [-Wint-conversion]
See ‘/Users/gaborcsardi/works/igraph/revdep_check/RCA.Rcheck/00install.out’ for details.
* checking installed package size ... OK
* checking package directory ... OK
* checking DESCRIPTION meta-information ... OK
* checking top-level files ... NOTE
Non-standard files/directories found at top level:
  ‘matrix.pmt’ ‘stack.pmt’ ‘vector.pmt’
* checking for left-over files ... OK
* checking index information ... OK
* checking package subdirectories ... OK
* checking R files for non-ASCII characters ... OK
* checking R files for syntax errors ... OK
* checking whether the package can be loaded ... OK
* checking whether the package can be loaded with stated dependencies ... OK
* checking whether the package can be unloaded cleanly ... OK
* checking whether the namespace can be loaded with stated dependencies ... OK
* checking whether the namespace can be unloaded cleanly ... OK
* checking loading without being on the library search path ... OK
* checking use of S3 registration ... OK
* checking dependencies in R code ... OK
* checking S3 generic/method consistency ... OK
* checking replacement functions ... OK
* checking foreign function calls ... OK
* checking R code for possible problems ... OK
* checking Rd files ... OK
* checking Rd metadata ... OK
* checking Rd line widths ... OK
* checking Rd cross-references ... OK
* checking for missing documentation entries ... OK
* checking for code/documentation mismatches ... SKIPPED
* checking Rd \usage sections ... OK
* checking Rd contents ... OK
* checking for unstated dependencies in examples ... OK
* checking contents of ‘data’ directory ... OK
* checking data for non-ASCII characters ... OK
* checking data for ASCII and uncompressed saves ... OK
* checking line endings in C/C++/Fortran sources/headers ... OK
* checking line endings in Makefiles ... OK
* checking compilation flags in Makevars ... OK
* checking for GNU extensions in Makefiles ... OK
* checking for portable use of $(BLAS_LIBS) and $(LAPACK_LIBS) ... OK
* checking compiled code ... NOTE
File ‘RCA/libs/RCA.so’:
  Found ‘_rand’, possibly from ‘rand’ (C)
    Objects: ‘RCAlib.o’, ‘cs_randperm.o’
  Found ‘_srand’, possibly from ‘srand’ (C)
    Objects: ‘RCAlib.o’, ‘cs_randperm.o’

Compiled code should not call entry points which might terminate R nor
write to stdout/stderr instead of to the console, nor the system RNG.

See ‘Writing portable packages’ in the ‘Writing R Extensions’ manual.
* checking examples ... OK
* DONE
Status: 1 WARNING, 2 NOTEs
