* installing *source* package ‘markovchain’ ...
** package ‘markovchain’ successfully unpacked and MD5 sums checked
** libs
clang++ -I/Library/Frameworks/R.framework/Resources/include -DNDEBUG  -I/usr/local/include -I/usr/local/include/freetype2 -I/opt/X11/include -I"/Users/gaborcsardi/works/igraph/revdep_lib/Rcpp/include" -I"/Users/gaborcsardi/works/igraph/revdep_lib/RcppParallel/include"   -fPIC  -Wall -mtune=core2 -g -O2  -c 1_functions4Fitting.cpp -o 1_functions4Fitting.o
1_functions4Fitting.cpp:109:7: warning: unused variable 'n' [-Wunused-variable]
  int n = stringchar.size();
      ^
1 warning generated.
clang++ -I/Library/Frameworks/R.framework/Resources/include -DNDEBUG  -I/usr/local/include -I/usr/local/include/freetype2 -I/opt/X11/include -I"/Users/gaborcsardi/works/igraph/revdep_lib/Rcpp/include" -I"/Users/gaborcsardi/works/igraph/revdep_lib/RcppParallel/include"   -fPIC  -Wall -mtune=core2 -g -O2  -c RcppExports.cpp -o RcppExports.o
clang++ -dynamiclib -Wl,-headerpad_max_install_names -undefined dynamic_lookup -single_module -multiply_defined suppress -L/Library/Frameworks/R.framework/Resources/lib -L/usr/local/lib -o markovchain.so 1_functions4Fitting.o RcppExports.o -F/Library/Frameworks/R.framework/.. -framework R -Wl,-framework -Wl,CoreFoundation
installing to /Users/gaborcsardi/works/igraph/revdep_check/markovchain.Rcheck/markovchain/libs
** R
** data
** demo
** inst
** byte-compile and prepare package for lazy loading
in method for ‘coerce’ with signature ‘"markovchain","igraph"’: no definition for class “igraph”
Creating a generic function for ‘predict’ from package ‘stats’ in package ‘markovchain’
** help
*** installing help indices
** building package indices
** installing vignettes
** testing if installed package can be loaded
* DONE (markovchain)
