* using log directory ‘/Users/gaborcsardi/works/igraph/revdep_check/sglasso.Rcheck’
* using R version 3.2.0 (2015-04-16)
* using platform: x86_64-apple-darwin13.4.0 (64-bit)
* using session charset: UTF-8
* using options ‘--no-codoc --no-manual’
* checking for file ‘sglasso/DESCRIPTION’ ... OK
* checking extension type ... Package
* this is package ‘sglasso’ version ‘1.2.1’
* package encoding: latin1
* checking package namespace information ... OK
* checking package dependencies ... OK
* checking if this is a source package ... OK
* checking if there is a namespace ... OK
* checking for executable files ... OK
* checking for hidden files and directories ... OK
* checking for portable file names ... OK
* checking for sufficient/correct file permissions ... OK
* checking whether package ‘sglasso’ can be installed ... OK
* checking installed package size ... OK
* checking package directory ... OK
* checking DESCRIPTION meta-information ... OK
* checking top-level files ... OK
* checking for left-over files ... OK
* checking index information ... OK
* checking package subdirectories ... OK
* checking R files for non-ASCII characters ... OK
* checking R files for syntax errors ... OK
* checking whether the package can be loaded ... OK
* checking whether the package can be loaded with stated dependencies ... OK
* checking whether the package can be unloaded cleanly ... OK
* checking whether the namespace can be loaded with stated dependencies ... OK
* checking whether the namespace can be unloaded cleanly ... OK
* checking loading without being on the library search path ... OK
* checking use of S3 registration ... OK
* checking dependencies in R code ... OK
* checking S3 generic/method consistency ... OK
* checking replacement functions ... OK
* checking foreign function calls ... OK
* checking R code for possible problems ... NOTE
gplot.fglasso: no visible global function definition for ‘plot.igraph’
gplot.sglasso: no visible global function definition for ‘plot.igraph’
* checking Rd files ... OK
* checking Rd metadata ... OK
* checking Rd line widths ... OK
* checking Rd cross-references ... OK
* checking for missing documentation entries ... OK
* checking for code/documentation mismatches ... SKIPPED
* checking Rd \usage sections ... OK
* checking Rd contents ... OK
* checking for unstated dependencies in examples ... OK
* checking contents of ‘data’ directory ... OK
* checking data for non-ASCII characters ... OK
* checking data for ASCII and uncompressed saves ... OK
* checking line endings in C/C++/Fortran sources/headers ... OK
* checking line endings in Makefiles ... OK
* checking compilation flags in Makevars ... OK
* checking for GNU extensions in Makefiles ... OK
* checking for portable use of $(BLAS_LIBS) and $(LAPACK_LIBS) ... OK
* checking compiled code ... OK
* checking examples ... ERROR
Running examples in ‘sglasso-Ex.R’ failed
The error most likely occurred in:

> base::assign(".ptime", proc.time(), pos = "CheckExEnv")
> ### Name: gplot.fglasso
> ### Title: Plotting Sparse Factorial Dynamic Gaussian Graphical Model
> ### Aliases: gplot.fglasso
> ### Keywords: models
> 
> ### ** Examples
> 
> N <- 50
> tp <- 3
> p <- 3
> X <- matrix(rnorm(N * p * tp), N, tp * p)
> S <- crossprod(X) / N
> model <- list(lag0 = c(s = "c", n = "ut"), lag1 = c(s = "t", n = "t"))
> out.fglasso <- fglasso(S = S, model = model, tp = tp, p = p)
> gplot(out.fglasso, rhoid = 50, sub.tp1 = "First graph", 
+    sub.tp2 = "Second graph")
Error in gplot.fglasso(out.fglasso, rhoid = 50, sub.tp1 = "First graph",  : 
  could not find function "plot.igraph"
Calls: gplot -> gplot.fglasso
Execution halted
* DONE
Status: 1 ERROR, 1 NOTE
