* using log directory ‘/Users/gaborcsardi/works/igraph/revdep_check/bc3net.Rcheck’
* using R version 3.2.0 (2015-04-16)
* using platform: x86_64-apple-darwin13.4.0 (64-bit)
* using session charset: UTF-8
* using options ‘--no-codoc --no-manual’
* checking for file ‘bc3net/DESCRIPTION’ ... OK
* this is package ‘bc3net’ version ‘1.0.2’
* checking package namespace information ... OK
* checking package dependencies ... OK
* checking if this is a source package ... OK
* checking if there is a namespace ... OK
* checking for executable files ... OK
* checking for hidden files and directories ... OK
* checking for portable file names ... OK
* checking for sufficient/correct file permissions ... OK
* checking whether package ‘bc3net’ can be installed ... OK
* checking installed package size ... OK
* checking package directory ... OK
* checking DESCRIPTION meta-information ... NOTE
Malformed Description field: should contain one or more complete sentences.
Authors@R field gives more than one person with maintainer role:
  Ricardo de Matos Simoes <r.dematossimoes@qub.ac.uk> [aut, cre]
  Frank Emmert-Streib <f.emmert-streib@qub.ac.uk> [aut, cre]
* checking top-level files ... NOTE
Non-standard file/directory found at top level:
  ‘docs’
* checking for left-over files ... OK
* checking index information ... OK
* checking package subdirectories ... OK
* checking R files for non-ASCII characters ... OK
* checking R files for syntax errors ... OK
* checking whether the package can be loaded ... OK
* checking whether the package can be loaded with stated dependencies ... OK
* checking whether the package can be unloaded cleanly ... OK
* checking whether the namespace can be loaded with stated dependencies ... OK
* checking whether the namespace can be unloaded cleanly ... OK
* checking loading without being on the library search path ... OK
* checking use of S3 registration ... OK
* checking dependencies in R code ... NOTE
Packages in Depends field not imported from:
  ‘Matrix’ ‘c3net’ ‘igraph’ ‘infotheo’ ‘lattice’
  These packages need to be imported from (in the NAMESPACE file)
  for when this namespace is loaded but not attached.
* checking S3 generic/method consistency ... OK
* checking replacement functions ... OK
* checking foreign function calls ... OK
* checking R code for possible problems ... NOTE
.mat2igraph: no visible global function definition for
  ‘graph.data.frame’
.mat2igraph: no visible global function definition for ‘E’
.mat2igraph: no visible global function definition for ‘E<-’
.mat2igraph: no visible global function definition for ‘V’
.mat2igraph: no visible global function definition for ‘add.vertices’
.mat2igraph: no visible global function definition for ‘V<-’
.mat2igraph: no visible global function definition for ‘graph’
bc3net: no visible global function definition for ‘c3’
bc3net: no visible global function definition for ‘forceSymmetric’
c3mtc: no visible global function definition for ‘c3’
c3mtc: no visible global function definition for ‘forceSymmetric’
mimwrap: no visible global function definition for ‘discretize’
mimwrap: no visible global function definition for ‘mutinformation’
* checking Rd files ... OK
* checking Rd metadata ... OK
* checking Rd line widths ... OK
* checking Rd cross-references ... OK
* checking for missing documentation entries ... OK
* checking for code/documentation mismatches ... SKIPPED
* checking Rd \usage sections ... OK
* checking Rd contents ... OK
* checking for unstated dependencies in examples ... OK
* checking contents of ‘data’ directory ... OK
* checking data for non-ASCII characters ... OK
* checking data for ASCII and uncompressed saves ... OK
* checking examples ... OK
* DONE
Status: 4 NOTEs
