* using log directory ‘/Users/gaborcsardi/works/igraph/revdep_check/dils.Rcheck’
* using R version 3.2.0 (2015-04-16)
* using platform: x86_64-apple-darwin13.4.0 (64-bit)
* using session charset: UTF-8
* using options ‘--no-codoc --no-manual’
* checking for file ‘dils/DESCRIPTION’ ... OK
* checking extension type ... Package
* this is package ‘dils’ version ‘0.8.1’
* checking package namespace information ... OK
* checking package dependencies ... OK
* checking if this is a source package ... OK
* checking if there is a namespace ... OK
* checking for executable files ... OK
* checking for hidden files and directories ... OK
* checking for portable file names ... OK
* checking for sufficient/correct file permissions ... OK
* checking whether package ‘dils’ can be installed ... OK
* checking installed package size ... OK
* checking package directory ... OK
* checking DESCRIPTION meta-information ... NOTE
Malformed Title field: should not end in a period.
* checking top-level files ... OK
* checking for left-over files ... OK
* checking index information ... OK
* checking package subdirectories ... OK
* checking R files for non-ASCII characters ... OK
* checking R files for syntax errors ... OK
* checking whether the package can be loaded ... OK
* checking whether the package can be loaded with stated dependencies ... OK
* checking whether the package can be unloaded cleanly ... OK
* checking whether the namespace can be loaded with stated dependencies ... OK
* checking whether the namespace can be unloaded cleanly ... OK
* checking loading without being on the library search path ... OK
* checking use of S3 registration ... OK
* checking dependencies in R code ... NOTE
Packages in Depends field not imported from:
  ‘Rcpp’ ‘igraph’
  These packages need to be imported from (in the NAMESPACE file)
  for when this namespace is loaded but not attached.
* checking S3 generic/method consistency ... OK
* checking replacement functions ... OK
* checking foreign function calls ... OK
* checking R code for possible problems ... NOTE
EdgelistFromIgraph: no visible global function definition for
  ‘get.adjacency’
EdgelistFromIgraph: no visible global function definition for ‘V’
EdgelistFromIgraph: no visible global function definition for ‘vcount’
IgraphFromEdgelist: no visible global function definition for
  ‘graph.adjacency’
IgraphFromEdgelist: no visible global function definition for ‘V’
IgraphFromEdgelist: no visible global function definition for ‘V<-’
MeasureNetworkInformation: no visible binding for global variable
  ‘betweenness’
MeasureNetworkInformation: no visible global function definition for
  ‘vcount’
MeasureNetworkInformation : SampleIgraph: no visible global function
  definition for ‘ecount’
MeasureNetworkInformation : SampleIgraph: no visible global function
  definition for ‘delete.edges’
MeasureNetworkInformation : SampleIgraph: no visible global function
  definition for ‘E’
RelativeNetworkInformation: no visible binding for global variable
  ‘betweenness’
RssSuggestedNetwork: no visible global function definition for
  ‘get.adjacency’
RssSuggestedNetwork: no visible global function definition for
  ‘is.directed’
RssSuggestedNetwork: no visible global function definition for ‘vcount’
RssSuggestedNetwork: no visible global function definition for
  ‘graph.adjacency’
RssSuggestedNetwork: no visible global function definition for
  ‘graph.density’
* checking Rd files ... OK
* checking Rd metadata ... OK
* checking Rd line widths ... OK
* checking Rd cross-references ... OK
* checking for missing documentation entries ... OK
* checking for code/documentation mismatches ... SKIPPED
* checking Rd \usage sections ... OK
* checking Rd contents ... OK
* checking for unstated dependencies in examples ... OK
* checking line endings in C/C++/Fortran sources/headers ... OK
* checking line endings in Makefiles ... OK
* checking compilation flags in Makevars ... OK
* checking for GNU extensions in Makefiles ... OK
* checking for portable use of $(BLAS_LIBS) and $(LAPACK_LIBS) ... OK
* checking compiled code ... OK
* checking examples ... [14s/17s] OK
Examples with CPU or elapsed time > 5s
                            user system elapsed
RelationStrengthSimilarity 5.198  0.221   5.645
* checking for unstated dependencies in ‘tests’ ... OK
* checking tests ... OK
  Running ‘run-all.R’
* DONE
Status: 3 NOTEs
