* using log directory ‘/Users/gaborcsardi/works/igraph/revdep_check/NetSim.Rcheck’
* using R version 3.2.0 (2015-04-16)
* using platform: x86_64-apple-darwin13.4.0 (64-bit)
* using session charset: UTF-8
* using options ‘--no-codoc --no-manual’
* checking for file ‘NetSim/DESCRIPTION’ ... OK
* checking extension type ... Package
* this is package ‘NetSim’ version ‘0.9’
* checking package namespace information ... OK
* checking package dependencies ... OK
* checking if this is a source package ... OK
* checking if there is a namespace ... OK
* checking for executable files ... OK
* checking for hidden files and directories ... OK
* checking for portable file names ... OK
* checking for sufficient/correct file permissions ... OK
* checking whether package ‘NetSim’ can be installed ... [62s/66s] OK
* checking installed package size ... OK
* checking package directory ... OK
* checking DESCRIPTION meta-information ... OK
* checking top-level files ... OK
* checking for left-over files ... OK
* checking index information ... OK
* checking package subdirectories ... OK
* checking R files for non-ASCII characters ... OK
* checking R files for syntax errors ... OK
* checking whether the package can be loaded ... OK
* checking whether the package can be loaded with stated dependencies ... OK
* checking whether the package can be unloaded cleanly ... OK
* checking whether the namespace can be loaded with stated dependencies ... OK
* checking whether the namespace can be unloaded cleanly ... OK
* checking loading without being on the library search path ... OK
* checking use of S3 registration ... OK
* checking dependencies in R code ... NOTE
'library' or 'require' call to ‘igraph’ in package code.
  Please use :: or requireNamespace() instead.
  See section 'Suggested packages' in the 'Writing R Extensions' manual.
Package in Depends field not imported from: ‘Rcpp’
  These packages need to be imported from (in the NAMESPACE file)
  for when this namespace is loaded but not attached.
* checking S3 generic/method consistency ... NOTE
Found the following apparent S3 methods exported but not registered:
  add_effect.AttributeMultinomialChoiceNetworkChangeModel
  add_effect.MultinomialChoiceNetworkChoiceChangeModel
  as.double.NetSimAttributeContainer as.matrix.NetSimNetwork
  as.numeric.NetSimAttributeContainer create_effect.AttributeEffect
  create_effect.AttributeOneModeNetworkEffect
  create_effect.MultiplexNetworkEffect
  create_effect.OneModeNetworkEffect
  create_effect.SimilarityAttributeOneModeNetworkEffect
  create_effect.UnknownType create_effect.character
  print.NetSimAttributeContainer print.NetSimNetwork
See section ‘Registering S3 methods’ in the ‘Writing R Extensions’
manual.
* checking replacement functions ... OK
* checking foreign function calls ... OK
* checking R code for possible problems ... OK
* checking Rd files ... OK
* checking Rd metadata ... OK
* checking Rd line widths ... OK
* checking Rd cross-references ... OK
* checking for missing documentation entries ... OK
* checking for code/documentation mismatches ... SKIPPED
* checking Rd \usage sections ... OK
* checking Rd contents ... OK
* checking for unstated dependencies in examples ... OK
* checking line endings in C/C++/Fortran sources/headers ... OK
* checking line endings in Makefiles ... NOTE
Found the following Makefile(s) without a final LF:
  src/Makevars
Some ‘make’ programs ignore lines not ending in LF.
* checking compilation flags in Makevars ... OK
* checking for GNU extensions in Makefiles ... NOTE
GNU make is a SystemRequirements.
* checking for portable use of $(BLAS_LIBS) and $(LAPACK_LIBS) ... OK
* checking compiled code ... NOTE
File ‘NetSim/libs/NetSim.so’:
  Found ‘_rand’, possibly from ‘rand’ (C)
    Object: ‘utils/Random.o’
  Found ‘_srand’, possibly from ‘srand’ (C)
    Object: ‘utils/Random.o’

Compiled code should not call entry points which might terminate R nor
write to stdout/stderr instead of to the console, nor the system RNG.

See ‘Writing portable packages’ in the ‘Writing R Extensions’ manual.
* checking examples ... OK
* DONE
Status: 5 NOTEs
