* using log directory ‘/Users/gaborcsardi/works/igraph/revdep_check/cccd.Rcheck’
* using R version 3.2.0 (2015-04-16)
* using platform: x86_64-apple-darwin13.4.0 (64-bit)
* using session charset: UTF-8
* using options ‘--no-codoc --no-manual’
* checking for file ‘cccd/DESCRIPTION’ ... OK
* this is package ‘cccd’ version ‘1.5’
* checking package namespace information ... OK
* checking package dependencies ... OK
* checking if this is a source package ... OK
* checking if there is a namespace ... OK
* checking for executable files ... OK
* checking for hidden files and directories ... OK
* checking for portable file names ... OK
* checking for sufficient/correct file permissions ... OK
* checking whether package ‘cccd’ can be installed ... OK
* checking installed package size ... OK
* checking package directory ... OK
* checking DESCRIPTION meta-information ... OK
* checking top-level files ... OK
* checking for left-over files ... OK
* checking index information ... OK
* checking package subdirectories ... OK
* checking R files for non-ASCII characters ... OK
* checking R files for syntax errors ... OK
* checking whether the package can be loaded ... OK
* checking whether the package can be loaded with stated dependencies ... OK
* checking whether the package can be unloaded cleanly ... OK
* checking whether the namespace can be loaded with stated dependencies ... OK
* checking whether the namespace can be unloaded cleanly ... OK
* checking loading without being on the library search path ... OK
* checking use of S3 registration ... OK
* checking dependencies in R code ... OK
* checking S3 generic/method consistency ... OK
* checking replacement functions ... OK
* checking foreign function calls ... OK
* checking R code for possible problems ... OK
* checking Rd files ... OK
* checking Rd metadata ... OK
* checking Rd line widths ... OK
* checking Rd cross-references ... OK
* checking for missing documentation entries ... OK
* checking for code/documentation mismatches ... SKIPPED
* checking Rd \usage sections ... OK
* checking Rd contents ... OK
* checking for unstated dependencies in examples ... OK
* checking examples ... ERROR
Running examples in ‘cccd-Ex.R’ failed
The error most likely occurred in:

> base::assign(".ptime", proc.time(), pos = "CheckExEnv")
> ### Name: cccd
> ### Title: Class Cover Catch Digraph
> ### Aliases: cccd cccd.rw cccd.classify cccd.classifier cccd.classifier.rw
> ###   cccd.multiclass.classifier cccd.multiclass.classify plot.cccd
> ###   plot.cccdClassifier
> ### Keywords: graphs
> 
> ### ** Examples
> 
> set.seed(456330)
> z <- matrix(runif(1000),ncol=2)
> ind <- which(z[,1]<.5 & z[,2]<.5)
> x <- z[ind,]
> y <- z[-ind,]
> g <- cccd(x,y)
> C <- cccd.classifier(x,y)
Error in graph(n = vc, edges, directed = (mode == "directed")) : 
  'edges' must be numeric of character
Calls: cccd.classifier ... dominate.greedy -> graph.adjacency -> graph.adjacency.sparse -> graph
Execution halted
* DONE
Status: 1 ERROR
