* using log directory ‘/Users/gaborcsardi/works/igraph/revdep_check/PAGI.Rcheck’
* using R version 3.2.0 (2015-04-16)
* using platform: x86_64-apple-darwin13.4.0 (64-bit)
* using session charset: UTF-8
* using options ‘--no-codoc --no-manual’
* checking for file ‘PAGI/DESCRIPTION’ ... OK
* this is package ‘PAGI’ version ‘1.0’
* checking package namespace information ... OK
* checking package dependencies ... OK
* checking if this is a source package ... OK
* checking if there is a namespace ... OK
* checking for executable files ... OK
* checking for hidden files and directories ... OK
* checking for portable file names ... OK
* checking for sufficient/correct file permissions ... OK
* checking whether package ‘PAGI’ can be installed ... OK
* checking installed package size ... OK
* checking package directory ... OK
* checking DESCRIPTION meta-information ... NOTE
Malformed Title field: should not end in a period.
* checking top-level files ... OK
* checking for left-over files ... OK
* checking index information ... OK
* checking package subdirectories ... OK
* checking R files for non-ASCII characters ... OK
* checking R files for syntax errors ... OK
* checking whether the package can be loaded ... OK
* checking whether the package can be loaded with stated dependencies ... OK
* checking whether the package can be unloaded cleanly ... OK
* checking whether the namespace can be loaded with stated dependencies ... OK
* checking whether the namespace can be unloaded cleanly ... OK
* checking loading without being on the library search path ... OK
* checking use of S3 registration ... OK
* checking dependencies in R code ... OK
* checking S3 generic/method consistency ... OK
* checking replacement functions ... OK
* checking foreign function calls ... OK
* checking R code for possible problems ... NOTE
CalGIF: no visible binding for global variable ‘PAGIData’
CalGIF2: no visible binding for global variable ‘PAGIData’
PAGI.Main: no visible binding for global variable ‘PAGIData’
getclass.labels: no visible binding for global variable ‘ExampleData’
getdataset: no visible binding for global variable ‘ExampleData’
* checking Rd files ... OK
* checking Rd metadata ... OK
* checking Rd line widths ... NOTE
Rd file 'CalGIF.Rd':
  \examples lines wider than 100 characters:
     ###calculate the global influence factor (GIF) by using the random walk with restart (RWR) algorithm###
     #Each element is the GIF score and whose name correspond to gene symbol in the gene expression data. 
     #Each element is the GIF score and whose name correspond to gene symbol in the gene expression data. 

Rd file 'PAGI.Main.Rd':
  \examples lines wider than 100 characters:
     #Its columns include "Gene number in the (sorted) pathway", "gene symbol from the gene express data",
     #"location of the gene in the sorted gene list", "the T-score of gene between two biological states",
     #Its columns include "Gene number in the (sorted) pathway", "gene symbol from the gene express data",
     #"location of the gene in the sorted gene list", "the T-score of gene between two biological states",

These lines will be truncated in the PDF manual.
* checking Rd cross-references ... OK
* checking for missing documentation entries ... OK
* checking for code/documentation mismatches ... SKIPPED
* checking Rd \usage sections ... OK
* checking Rd contents ... OK
* checking for unstated dependencies in examples ... OK
* checking contents of ‘data’ directory ... OK
* checking data for non-ASCII characters ... OK
* checking data for ASCII and uncompressed saves ... OK
* checking sizes of PDF files under ‘inst/doc’ ... OK
* checking installed files from ‘inst/doc’ ... OK
* checking files in ‘vignettes’ ... OK
* checking examples ... OK
* checking for unstated dependencies in vignettes ... OK
* checking package vignettes in ‘inst/doc’ ... OK
* checking running R code from vignettes ... [145s/150s] OK
* checking re-building of vignette outputs ... [132s/133s] OK
* DONE
Status: 3 NOTEs
