* installing *source* package ‘spatgraphs’ ...
** package ‘spatgraphs’ successfully unpacked and MD5 sums checked
** libs
clang++ -I/Library/Frameworks/R.framework/Resources/include -DNDEBUG  -I/usr/local/include -I/usr/local/include/freetype2 -I/opt/X11/include    -fPIC  -Wall -mtune=core2 -g -O2  -c Graph.cpp -o Graph.o
Graph.cpp:104:16: warning: implicit conversion of NULL constant to 'int' [-Wnull-conversion]
                if(n<1) p[0]=NULL;
                            ~^~~~
                             0
1 warning generated.
clang++ -I/Library/Frameworks/R.framework/Resources/include -DNDEBUG  -I/usr/local/include -I/usr/local/include/freetype2 -I/opt/X11/include    -fPIC  -Wall -mtune=core2 -g -O2  -c Point.cpp -o Point.o
clang++ -I/Library/Frameworks/R.framework/Resources/include -DNDEBUG  -I/usr/local/include -I/usr/local/include/freetype2 -I/opt/X11/include    -fPIC  -Wall -mtune=core2 -g -O2  -c Pp.cpp -o Pp.o
clang++ -I/Library/Frameworks/R.framework/Resources/include -DNDEBUG  -I/usr/local/include -I/usr/local/include/freetype2 -I/opt/X11/include    -fPIC  -Wall -mtune=core2 -g -O2  -c Rextras.cpp -o Rextras.o
Rextras.cpp:59:16: warning: implicit conversion of NULL constant to 'int' [-Wnull-conversion]
                if(n<1) p[0]=NULL;
                            ~^~~~
                             0
1 warning generated.
clang++ -I/Library/Frameworks/R.framework/Resources/include -DNDEBUG  -I/usr/local/include -I/usr/local/include/freetype2 -I/opt/X11/include    -fPIC  -Wall -mtune=core2 -g -O2  -c clustering.cpp -o clustering.o
clang++ -I/Library/Frameworks/R.framework/Resources/include -DNDEBUG  -I/usr/local/include -I/usr/local/include/freetype2 -I/opt/X11/include    -fPIC  -Wall -mtune=core2 -g -O2  -c cutprune.cpp -o cutprune.o
clang++ -I/Library/Frameworks/R.framework/Resources/include -DNDEBUG  -I/usr/local/include -I/usr/local/include/freetype2 -I/opt/X11/include    -fPIC  -Wall -mtune=core2 -g -O2  -c dists.cpp -o dists.o
clang++ -I/Library/Frameworks/R.framework/Resources/include -DNDEBUG  -I/usr/local/include -I/usr/local/include/freetype2 -I/opt/X11/include    -fPIC  -Wall -mtune=core2 -g -O2  -c rgraph.cpp -o rgraph.o
clang++ -dynamiclib -Wl,-headerpad_max_install_names -undefined dynamic_lookup -single_module -multiply_defined suppress -L/Library/Frameworks/R.framework/Resources/lib -L/usr/local/lib -o spatgraphs.so Graph.o Point.o Pp.o Rextras.o clustering.o cutprune.o dists.o rgraph.o -F/Library/Frameworks/R.framework/.. -framework R -Wl,-framework -Wl,CoreFoundation
installing to /Users/gaborcsardi/works/igraph/revdep_check/spatgraphs.Rcheck/spatgraphs/libs
** R
** preparing package for lazy loading
** help
*** installing help indices
** building package indices
** testing if installed package can be loaded
* DONE (spatgraphs)
