This file contains any messages produced by compilers while
running configure, to aid debugging if configure makes a mistake.

It was created by igraph configure 0.6.5, which was
generated by GNU Autoconf 2.69.  Invocation command line was

  $ ./configure 

## --------- ##
## Platform. ##
## --------- ##

hostname = sanyi
uname -m = x86_64
uname -r = 14.3.0
uname -s = Darwin
uname -v = Darwin Kernel Version 14.3.0: Mon Mar 23 11:59:05 PDT 2015; root:xnu-2782.20.48~5/RELEASE_X86_64

/usr/bin/uname -p = i386
/bin/uname -X     = unknown

/bin/arch              = unknown
/usr/bin/arch -k       = unknown
/usr/convex/getsysinfo = unknown
/usr/bin/hostinfo      = Mach kernel version:
	 Darwin Kernel Version 14.3.0: Mon Mar 23 11:59:05 PDT 2015; root:xnu-2782.20.48~5/RELEASE_X86_64
Kernel configured for up to 4 processors.
2 processors are physically available.
4 processors are logically available.
Processor type: x86_64h (Intel x86-64h Haswell)
Processors active: 0 1 2 3
Primary memory available: 16.00 gigabytes
Default processor set: 287 tasks, 1176 threads, 4 processors
Load average: 2.05, Mach factor: 1.94
/bin/machine           = unknown
/usr/bin/oslevel       = unknown
/bin/universe          = unknown

PATH: /opt/local/bin
PATH: /opt/local/sbin
PATH: /opt/local/bin
PATH: /opt/local/sbin
PATH: /Users/gaborcsardi/anaconda/bin
PATH: /usr/local/heroku/bin
PATH: /Users/gaborcsardi/software/bin
PATH: /Users/gaborcsardi/software/go/bin
PATH: /usr/texbin
PATH: /usr/local/bin
PATH: /usr/bin
PATH: /bin
PATH: /usr/sbin
PATH: /sbin
PATH: /opt/X11/bin
PATH: /usr/local/git/bin
PATH: /usr/texbin
PATH: /usr/local/bin


## ----------- ##
## Core tests. ##
## ----------- ##

configure:2443: checking for gcc
configure:2470: result: clang
configure:2699: checking for C compiler version
configure:2708: clang --version >&5
Apple LLVM version 6.1.0 (clang-602.0.53) (based on LLVM 3.6.0svn)
Target: x86_64-apple-darwin14.3.0
Thread model: posix
configure:2719: $? = 0
configure:2708: clang -v >&5
Apple LLVM version 6.1.0 (clang-602.0.53) (based on LLVM 3.6.0svn)
Target: x86_64-apple-darwin14.3.0
Thread model: posix
configure:2719: $? = 0
configure:2708: clang -V >&5
clang: error: argument to '-V' is missing (expected 1 value)
clang: error: no input files
configure:2719: $? = 1
configure:2708: clang -qversion >&5
clang: error: unknown argument: '-qversion'
clang: error: no input files
configure:2719: $? = 1
configure:2739: checking whether the C compiler works
configure:2761: clang -Wall -mtune=core2 -g -O2 -I/usr/local/include -I/usr/local/include/freetype2 -I/opt/X11/include  conftest.c  >&5
configure:2765: $? = 0
configure:2813: result: yes
configure:2816: checking for C compiler default output file name
configure:2818: result: a.out
configure:2824: checking for suffix of executables
configure:2831: clang -o conftest -Wall -mtune=core2 -g -O2 -I/usr/local/include -I/usr/local/include/freetype2 -I/opt/X11/include  conftest.c  >&5
configure:2835: $? = 0
configure:2857: result: 
configure:2879: checking whether we are cross compiling
configure:2887: clang -o conftest -Wall -mtune=core2 -g -O2 -I/usr/local/include -I/usr/local/include/freetype2 -I/opt/X11/include  conftest.c  >&5
configure:2891: $? = 0
configure:2898: ./conftest
configure:2902: $? = 0
configure:2917: result: no
configure:2922: checking for suffix of object files
configure:2944: clang -c -Wall -mtune=core2 -g -O2 -I/usr/local/include -I/usr/local/include/freetype2 -I/opt/X11/include conftest.c >&5
configure:2948: $? = 0
configure:2969: result: o
configure:2973: checking whether we are using the GNU C compiler
configure:2992: clang -c -Wall -mtune=core2 -g -O2 -I/usr/local/include -I/usr/local/include/freetype2 -I/opt/X11/include conftest.c >&5
configure:2992: $? = 0
configure:3001: result: yes
configure:3010: checking whether clang accepts -g
configure:3030: clang -c -g -I/usr/local/include -I/usr/local/include/freetype2 -I/opt/X11/include conftest.c >&5
configure:3030: $? = 0
configure:3071: result: yes
configure:3088: checking for clang option to accept ISO C89
configure:3151: clang  -c -Wall -mtune=core2 -g -O2 -I/usr/local/include -I/usr/local/include/freetype2 -I/opt/X11/include conftest.c >&5
configure:3151: $? = 0
configure:3164: result: none needed
configure:3292: checking for Fortran compiler version
configure:3301: gfortran-4.8 --version >&5
GNU Fortran (GCC) 4.8.2
Copyright (C) 2013 Free Software Foundation, Inc.

GNU Fortran comes with NO WARRANTY, to the extent permitted by law.
You may redistribute copies of GNU Fortran
under the terms of the GNU General Public License.
For more information about these matters, see the file named COPYING

gfortran-4.8: warning: couldn't understand kern.osversion '14.3.0
configure:3312: $? = 0
configure:3301: gfortran-4.8 -v >&5
gfortran-4.8: warning: couldn't understand kern.osversion '14.3.0
Using built-in specs.
COLLECT_GCC=gfortran-4.8
COLLECT_LTO_WRAPPER=/usr/local/libexec/gcc/x86_64-apple-darwin13.0.0/4.8.2/lto-wrapper
Target: x86_64-apple-darwin13.0.0
Configured with: /Builds/gcc-4.8/gcc-4.8.2/configure CC=clang CXX=clang++ --enable-languages=fortran
Thread model: posix
gcc version 4.8.2 (GCC) 
configure:3312: $? = 0
configure:3301: gfortran-4.8 -V >&5
gfortran-4.8: warning: couldn't understand kern.osversion '14.3.0
gfortran-4.8: error: unrecognized command line option '-V'
gfortran-4.8: fatal error: no input files
compilation terminated.
configure:3312: $? = 1
configure:3301: gfortran-4.8 -qversion >&5
gfortran-4.8: warning: couldn't understand kern.osversion '14.3.0
gfortran-4.8: error: unrecognized command line option '-qversion'
gfortran-4.8: fatal error: no input files
compilation terminated.
configure:3312: $? = 1
configure:3321: checking whether we are using the GNU Fortran compiler
configure:3334: gfortran-4.8 -c -Wall -g -O2  conftest.F >&5
gfortran-4.8: warning: couldn't understand kern.osversion '14.3.0
configure:3334: $? = 0
configure:3343: result: yes
configure:3349: checking whether gfortran-4.8 accepts -g
configure:3360: gfortran-4.8 -c -g  conftest.f >&5
gfortran-4.8: warning: couldn't understand kern.osversion '14.3.0
configure:3360: $? = 0
configure:3368: result: yes
configure:3518: checking for C++ compiler version
configure:3527: clang++ --version >&5
Apple LLVM version 6.1.0 (clang-602.0.53) (based on LLVM 3.6.0svn)
Target: x86_64-apple-darwin14.3.0
Thread model: posix
configure:3538: $? = 0
configure:3527: clang++ -v >&5
Apple LLVM version 6.1.0 (clang-602.0.53) (based on LLVM 3.6.0svn)
Target: x86_64-apple-darwin14.3.0
Thread model: posix
configure:3538: $? = 0
configure:3527: clang++ -V >&5
clang: error: argument to '-V' is missing (expected 1 value)
clang: error: no input files
configure:3538: $? = 1
configure:3527: clang++ -qversion >&5
clang: error: unknown argument: '-qversion'
clang: error: no input files
configure:3538: $? = 1
configure:3542: checking whether we are using the GNU C++ compiler
configure:3561: clang++ -c -Wall -mtune=core2 -g -O2 -I/usr/local/include -I/usr/local/include/freetype2 -I/opt/X11/include conftest.cpp >&5
configure:3561: $? = 0
configure:3570: result: yes
configure:3579: checking whether clang++ accepts -g
configure:3599: clang++ -c -g -I/usr/local/include -I/usr/local/include/freetype2 -I/opt/X11/include conftest.cpp >&5
configure:3599: $? = 0
configure:3640: result: yes
configure:3683: clang++ -c -Wall -mtune=core2 -g -O2 -I/usr/local/include -I/usr/local/include/freetype2 -I/opt/X11/include conftest.cpp >&5
configure:3683: $? = 0
configure:3689: checking how to run the C++ preprocessor
configure:3716: clang++ -E -I/usr/local/include -I/usr/local/include/freetype2 -I/opt/X11/include conftest.cpp
configure:3716: $? = 0
configure:3730: clang++ -E -I/usr/local/include -I/usr/local/include/freetype2 -I/opt/X11/include conftest.cpp
conftest.cpp:10:10: fatal error: 'ac_nonexistent.h' file not found
#include <ac_nonexistent.h>
         ^
1 error generated.
configure:3730: $? = 1
configure: failed program was:
| /* confdefs.h */
| #define PACKAGE_NAME "igraph"
| #define PACKAGE_TARNAME "igraph"
| #define PACKAGE_VERSION "0.6.5"
| #define PACKAGE_STRING "igraph 0.6.5"
| #define PACKAGE_BUGREPORT "csardi.gabor@gmail.com"
| #define PACKAGE_URL ""
| #define HAVE_GFORTRAN 1
| /* end confdefs.h.  */
| #include <ac_nonexistent.h>
configure:3755: result: clang++ -E
configure:3775: clang++ -E -I/usr/local/include -I/usr/local/include/freetype2 -I/opt/X11/include conftest.cpp
configure:3775: $? = 0
configure:3789: clang++ -E -I/usr/local/include -I/usr/local/include/freetype2 -I/opt/X11/include conftest.cpp
conftest.cpp:10:10: fatal error: 'ac_nonexistent.h' file not found
#include <ac_nonexistent.h>
         ^
1 error generated.
configure:3789: $? = 1
configure: failed program was:
| /* confdefs.h */
| #define PACKAGE_NAME "igraph"
| #define PACKAGE_TARNAME "igraph"
| #define PACKAGE_VERSION "0.6.5"
| #define PACKAGE_STRING "igraph 0.6.5"
| #define PACKAGE_BUGREPORT "csardi.gabor@gmail.com"
| #define PACKAGE_URL ""
| #define HAVE_GFORTRAN 1
| /* end confdefs.h.  */
| #include <ac_nonexistent.h>
configure:3835: checking for rintf
configure:3835: clang -o conftest -Wall -mtune=core2 -g -O2 -I/usr/local/include -I/usr/local/include/freetype2 -I/opt/X11/include  conftest.c  -lm >&5
conftest.c:33:6: warning: incompatible redeclaration of library function 'rintf' [-Wincompatible-library-redeclaration]
char rintf ();
     ^
conftest.c:33:6: note: 'rintf' is a builtin with type 'float (float)'
1 warning generated.
configure:3835: $? = 0
configure:3835: result: yes
configure:3835: checking for finite
configure:3835: clang -o conftest -Wall -mtune=core2 -g -O2 -I/usr/local/include -I/usr/local/include/freetype2 -I/opt/X11/include  conftest.c  -lm >&5
configure:3835: $? = 0
configure:3835: result: yes
configure:3835: checking for expm1
configure:3835: clang -o conftest -Wall -mtune=core2 -g -O2 -I/usr/local/include -I/usr/local/include/freetype2 -I/opt/X11/include  conftest.c  -lm >&5
conftest.c:35:6: warning: incompatible redeclaration of library function 'expm1' [-Wincompatible-library-redeclaration]
char expm1 ();
     ^
conftest.c:35:6: note: 'expm1' is a builtin with type 'double (double)'
1 warning generated.
configure:3835: $? = 0
configure:3835: result: yes
configure:3835: checking for rint
configure:3835: clang -o conftest -Wall -mtune=core2 -g -O2 -I/usr/local/include -I/usr/local/include/freetype2 -I/opt/X11/include  conftest.c  -lm >&5
conftest.c:36:6: warning: incompatible redeclaration of library function 'rint' [-Wincompatible-library-redeclaration]
char rint ();
     ^
conftest.c:36:6: note: 'rint' is a builtin with type 'double (double)'
1 warning generated.
configure:3835: $? = 0
configure:3835: result: yes
configure:3835: checking for log2
configure:3835: clang -o conftest -Wall -mtune=core2 -g -O2 -I/usr/local/include -I/usr/local/include/freetype2 -I/opt/X11/include  conftest.c  -lm >&5
conftest.c:37:6: warning: incompatible redeclaration of library function 'log2' [-Wincompatible-library-redeclaration]
char log2 ();
     ^
conftest.c:37:6: note: 'log2' is a builtin with type 'double (double)'
1 warning generated.
configure:3835: $? = 0
configure:3835: result: yes
configure:3835: checking for logbl
configure:3835: clang -o conftest -Wall -mtune=core2 -g -O2 -I/usr/local/include -I/usr/local/include/freetype2 -I/opt/X11/include  conftest.c  -lm >&5
conftest.c:38:6: warning: incompatible redeclaration of library function 'logbl' [-Wincompatible-library-redeclaration]
char logbl ();
     ^
conftest.c:38:6: note: 'logbl' is a builtin with type 'long double (long double)'
1 warning generated.
configure:3835: $? = 0
configure:3835: result: yes
configure:3835: checking for snprintf
configure:3835: clang -o conftest -Wall -mtune=core2 -g -O2 -I/usr/local/include -I/usr/local/include/freetype2 -I/opt/X11/include  conftest.c  -lm >&5
conftest.c:39:6: warning: incompatible redeclaration of library function 'snprintf' [-Wincompatible-library-redeclaration]
char snprintf ();
     ^
conftest.c:39:6: note: 'snprintf' is a builtin with type 'int (char *, unsigned long, const char *, ...)'
1 warning generated.
configure:3835: $? = 0
configure:3835: result: yes
configure:3835: checking for log1p
configure:3835: clang -o conftest -Wall -mtune=core2 -g -O2 -I/usr/local/include -I/usr/local/include/freetype2 -I/opt/X11/include  conftest.c  -lm >&5
conftest.c:40:6: warning: incompatible redeclaration of library function 'log1p' [-Wincompatible-library-redeclaration]
char log1p ();
     ^
conftest.c:40:6: note: 'log1p' is a builtin with type 'double (double)'
1 warning generated.
configure:3835: $? = 0
configure:3835: result: yes
configure:3835: checking for round
configure:3835: clang -o conftest -Wall -mtune=core2 -g -O2 -I/usr/local/include -I/usr/local/include/freetype2 -I/opt/X11/include  conftest.c  -lm >&5
conftest.c:41:6: warning: incompatible redeclaration of library function 'round' [-Wincompatible-library-redeclaration]
char round ();
     ^
conftest.c:41:6: note: 'round' is a builtin with type 'double (double)'
1 warning generated.
configure:3835: $? = 0
configure:3835: result: yes
configure:3835: checking for fmin
configure:3835: clang -o conftest -Wall -mtune=core2 -g -O2 -I/usr/local/include -I/usr/local/include/freetype2 -I/opt/X11/include  conftest.c  -lm >&5
conftest.c:42:6: warning: incompatible redeclaration of library function 'fmin' [-Wincompatible-library-redeclaration]
char fmin ();
     ^
conftest.c:42:6: note: 'fmin' is a builtin with type 'double (double, double)'
1 warning generated.
configure:3835: $? = 0
configure:3835: result: yes
configure:3835: checking for stpcpy
configure:3835: clang -o conftest -Wall -mtune=core2 -g -O2 -I/usr/local/include -I/usr/local/include/freetype2 -I/opt/X11/include  conftest.c  -lm >&5
conftest.c:43:6: warning: incompatible redeclaration of library function 'stpcpy' [-Wincompatible-library-redeclaration]
char stpcpy ();
     ^
conftest.c:43:6: note: 'stpcpy' is a builtin with type 'char *(char *, const char *)'
1 warning generated.
configure:3835: $? = 0
configure:3835: result: yes
configure:3851: checking how to run the C preprocessor
configure:3882: clang -E -I/usr/local/include -I/usr/local/include/freetype2 -I/opt/X11/include conftest.c
configure:3882: $? = 0
configure:3896: clang -E -I/usr/local/include -I/usr/local/include/freetype2 -I/opt/X11/include conftest.c
conftest.c:21:10: fatal error: 'ac_nonexistent.h' file not found
#include <ac_nonexistent.h>
         ^
1 error generated.
configure:3896: $? = 1
configure: failed program was:
| /* confdefs.h */
| #define PACKAGE_NAME "igraph"
| #define PACKAGE_TARNAME "igraph"
| #define PACKAGE_VERSION "0.6.5"
| #define PACKAGE_STRING "igraph 0.6.5"
| #define PACKAGE_BUGREPORT "csardi.gabor@gmail.com"
| #define PACKAGE_URL ""
| #define HAVE_GFORTRAN 1
| #define HAVE_RINTF 1
| #define HAVE_FINITE 1
| #define HAVE_EXPM1 1
| #define HAVE_RINT 1
| #define HAVE_LOG2 1
| #define HAVE_LOGBL 1
| #define HAVE_SNPRINTF 1
| #define HAVE_LOG1P 1
| #define HAVE_ROUND 1
| #define HAVE_FMIN 1
| #define HAVE_STPCPY 1
| /* end confdefs.h.  */
| #include <ac_nonexistent.h>
configure:3921: result: clang -E
configure:3941: clang -E -I/usr/local/include -I/usr/local/include/freetype2 -I/opt/X11/include conftest.c
configure:3941: $? = 0
configure:3955: clang -E -I/usr/local/include -I/usr/local/include/freetype2 -I/opt/X11/include conftest.c
conftest.c:21:10: fatal error: 'ac_nonexistent.h' file not found
#include <ac_nonexistent.h>
         ^
1 error generated.
configure:3955: $? = 1
configure: failed program was:
| /* confdefs.h */
| #define PACKAGE_NAME "igraph"
| #define PACKAGE_TARNAME "igraph"
| #define PACKAGE_VERSION "0.6.5"
| #define PACKAGE_STRING "igraph 0.6.5"
| #define PACKAGE_BUGREPORT "csardi.gabor@gmail.com"
| #define PACKAGE_URL ""
| #define HAVE_GFORTRAN 1
| #define HAVE_RINTF 1
| #define HAVE_FINITE 1
| #define HAVE_EXPM1 1
| #define HAVE_RINT 1
| #define HAVE_LOG2 1
| #define HAVE_LOGBL 1
| #define HAVE_SNPRINTF 1
| #define HAVE_LOG1P 1
| #define HAVE_ROUND 1
| #define HAVE_FMIN 1
| #define HAVE_STPCPY 1
| /* end confdefs.h.  */
| #include <ac_nonexistent.h>
configure:3984: checking for grep that handles long lines and -e
configure:4042: result: /usr/bin/grep
configure:4047: checking for egrep
configure:4109: result: /usr/bin/grep -E
configure:4114: checking for ANSI C header files
configure:4134: clang -c -Wall -mtune=core2 -g -O2 -I/usr/local/include -I/usr/local/include/freetype2 -I/opt/X11/include conftest.c >&5
configure:4134: $? = 0
configure:4207: clang -o conftest -Wall -mtune=core2 -g -O2 -I/usr/local/include -I/usr/local/include/freetype2 -I/opt/X11/include  conftest.c  >&5
configure:4207: $? = 0
configure:4207: ./conftest
configure:4207: $? = 0
configure:4218: result: yes
configure:4231: checking for sys/types.h
configure:4231: clang -c -Wall -mtune=core2 -g -O2 -I/usr/local/include -I/usr/local/include/freetype2 -I/opt/X11/include conftest.c >&5
configure:4231: $? = 0
configure:4231: result: yes
configure:4231: checking for sys/stat.h
configure:4231: clang -c -Wall -mtune=core2 -g -O2 -I/usr/local/include -I/usr/local/include/freetype2 -I/opt/X11/include conftest.c >&5
configure:4231: $? = 0
configure:4231: result: yes
configure:4231: checking for stdlib.h
configure:4231: clang -c -Wall -mtune=core2 -g -O2 -I/usr/local/include -I/usr/local/include/freetype2 -I/opt/X11/include conftest.c >&5
configure:4231: $? = 0
configure:4231: result: yes
configure:4231: checking for string.h
configure:4231: clang -c -Wall -mtune=core2 -g -O2 -I/usr/local/include -I/usr/local/include/freetype2 -I/opt/X11/include conftest.c >&5
configure:4231: $? = 0
configure:4231: result: yes
configure:4231: checking for memory.h
configure:4231: clang -c -Wall -mtune=core2 -g -O2 -I/usr/local/include -I/usr/local/include/freetype2 -I/opt/X11/include conftest.c >&5
configure:4231: $? = 0
configure:4231: result: yes
configure:4231: checking for strings.h
configure:4231: clang -c -Wall -mtune=core2 -g -O2 -I/usr/local/include -I/usr/local/include/freetype2 -I/opt/X11/include conftest.c >&5
configure:4231: $? = 0
configure:4231: result: yes
configure:4231: checking for inttypes.h
configure:4231: clang -c -Wall -mtune=core2 -g -O2 -I/usr/local/include -I/usr/local/include/freetype2 -I/opt/X11/include conftest.c >&5
configure:4231: $? = 0
configure:4231: result: yes
configure:4231: checking for stdint.h
configure:4231: clang -c -Wall -mtune=core2 -g -O2 -I/usr/local/include -I/usr/local/include/freetype2 -I/opt/X11/include conftest.c >&5
configure:4231: $? = 0
configure:4231: result: yes
configure:4231: checking for unistd.h
configure:4231: clang -c -Wall -mtune=core2 -g -O2 -I/usr/local/include -I/usr/local/include/freetype2 -I/opt/X11/include conftest.c >&5
configure:4231: $? = 0
configure:4231: result: yes
configure:4243: checking sys/times.h usability
configure:4243: clang -c -Wall -mtune=core2 -g -O2 -I/usr/local/include -I/usr/local/include/freetype2 -I/opt/X11/include conftest.c >&5
configure:4243: $? = 0
configure:4243: result: yes
configure:4243: checking sys/times.h presence
configure:4243: clang -E -I/usr/local/include -I/usr/local/include/freetype2 -I/opt/X11/include conftest.c
configure:4243: $? = 0
configure:4243: result: yes
configure:4243: checking for sys/times.h
configure:4243: result: yes
configure:4265: checking for xml2-config
configure:4283: found /usr/bin/xml2-config
configure:4296: result: /usr/bin/xml2-config
configure:4309: checking for xmlSAXUserParseFile in -lxml2
configure:4334: clang -o conftest -Wall -mtune=core2 -g -O2 -I/usr/local/include -I/usr/local/include/freetype2 -I/opt/X11/include  conftest.c -lxml2   >&5
configure:4334: $? = 0
configure:4343: result: yes
configure:4351: checking libxml/parser.h usability
configure:4351: clang -c -I/Applications/Xcode.app/Contents/Developer/Platforms/MacOSX.platform/Developer/SDKs/MacOSX10.10.sdk/usr/include/libxml2 -I/Applications/Xcode.app/Contents/Developer/Platforms/MacOSX.platform/Developer/SDKs/MacOSX10.10.sdk/usr/include/libxml2 conftest.c >&5
configure:4351: $? = 0
configure:4351: result: yes
configure:4351: checking libxml/parser.h presence
configure:4351: clang -E -I/Applications/Xcode.app/Contents/Developer/Platforms/MacOSX.platform/Developer/SDKs/MacOSX10.10.sdk/usr/include/libxml2 conftest.c
configure:4351: $? = 0
configure:4351: result: yes
configure:4351: checking for libxml/parser.h
configure:4351: result: yes
configure:4399: checking for __gmpz_add in -lgmp
configure:4424: clang++ -o conftest -Wall -mtune=core2 -g -O2 -Wall -mtune=core2 -g -O2 -I/Applications/Xcode.app/Contents/Developer/Platforms/MacOSX.platform/Developer/SDKs/MacOSX10.10.sdk/usr/include/libxml2  conftest.cpp -lgmp   >&5
configure:4424: $? = 0
configure:4433: result: yes
configure:4437: checking gmp.h usability
configure:4437: clang++ -c -Wall -mtune=core2 -g -O2 -Wall -mtune=core2 -g -O2 -I/Applications/Xcode.app/Contents/Developer/Platforms/MacOSX.platform/Developer/SDKs/MacOSX10.10.sdk/usr/include/libxml2 conftest.cpp >&5
configure:4437: $? = 0
configure:4437: result: yes
configure:4437: checking gmp.h presence
configure:4437: clang++ -E -Wall -mtune=core2 -g -O2 -I/Applications/Xcode.app/Contents/Developer/Platforms/MacOSX.platform/Developer/SDKs/MacOSX10.10.sdk/usr/include/libxml2 conftest.cpp
configure:4437: $? = 0
configure:4437: result: yes
configure:4437: checking for gmp.h
configure:4437: result: yes
configure:4593: creating ./config.status

## ---------------------- ##
## Running config.status. ##
## ---------------------- ##

This file was extended by igraph config.status 0.6.5, which was
generated by GNU Autoconf 2.69.  Invocation command line was

  CONFIG_FILES    = 
  CONFIG_HEADERS  = 
  CONFIG_LINKS    = 
  CONFIG_COMMANDS = 
  $ ./config.status 

on sanyi

config.status:829: creating src/Makevars
config.status:829: creating src/config.h

## ---------------- ##
## Cache variables. ##
## ---------------- ##

ac_cv_c_compiler_gnu=yes
ac_cv_cxx_compiler_gnu=yes
ac_cv_env_CCC_set=
ac_cv_env_CCC_value=
ac_cv_env_CC_set=
ac_cv_env_CC_value=
ac_cv_env_CFLAGS_set=
ac_cv_env_CFLAGS_value=
ac_cv_env_CPPFLAGS_set=
ac_cv_env_CPPFLAGS_value=
ac_cv_env_CPP_set=
ac_cv_env_CPP_value=
ac_cv_env_CXXCPP_set=
ac_cv_env_CXXCPP_value=
ac_cv_env_CXXFLAGS_set=
ac_cv_env_CXXFLAGS_value=
ac_cv_env_CXX_set=
ac_cv_env_CXX_value=
ac_cv_env_FCFLAGS_set=
ac_cv_env_FCFLAGS_value=
ac_cv_env_FC_set=
ac_cv_env_FC_value=
ac_cv_env_LDFLAGS_set=
ac_cv_env_LDFLAGS_value=
ac_cv_env_LIBS_set=
ac_cv_env_LIBS_value=
ac_cv_env_build_alias_set=
ac_cv_env_build_alias_value=
ac_cv_env_host_alias_set=
ac_cv_env_host_alias_value=
ac_cv_env_target_alias_set=
ac_cv_env_target_alias_value=
ac_cv_fc_compiler_gnu=yes
ac_cv_func_expm1=yes
ac_cv_func_finite=yes
ac_cv_func_fmin=yes
ac_cv_func_log1p=yes
ac_cv_func_log2=yes
ac_cv_func_logbl=yes
ac_cv_func_rint=yes
ac_cv_func_rintf=yes
ac_cv_func_round=yes
ac_cv_func_snprintf=yes
ac_cv_func_stpcpy=yes
ac_cv_header_gmp_h=yes
ac_cv_header_inttypes_h=yes
ac_cv_header_libxml_parser_h=yes
ac_cv_header_memory_h=yes
ac_cv_header_stdc=yes
ac_cv_header_stdint_h=yes
ac_cv_header_stdlib_h=yes
ac_cv_header_string_h=yes
ac_cv_header_strings_h=yes
ac_cv_header_sys_stat_h=yes
ac_cv_header_sys_times_h=yes
ac_cv_header_sys_types_h=yes
ac_cv_header_unistd_h=yes
ac_cv_lib_gmp___gmpz_add=yes
ac_cv_lib_xml2_xmlSAXUserParseFile=yes
ac_cv_objext=o
ac_cv_path_EGREP='/usr/bin/grep -E'
ac_cv_path_GREP=/usr/bin/grep
ac_cv_path_XML2CONFIG=/usr/bin/xml2-config
ac_cv_prog_CPP='clang -E'
ac_cv_prog_CXXCPP='clang++ -E'
ac_cv_prog_ac_ct_CC=clang
ac_cv_prog_cc_c89=
ac_cv_prog_cc_g=yes
ac_cv_prog_cxx_g=yes
ac_cv_prog_fc_g=yes

## ----------------- ##
## Output variables. ##
## ----------------- ##

CC='clang'
CFLAGS='-Wall -mtune=core2 -g -O2 -I/Applications/Xcode.app/Contents/Developer/Platforms/MacOSX.platform/Developer/SDKs/MacOSX10.10.sdk/usr/include/libxml2'
CPP='clang -E'
CPPFLAGS='-Wall -mtune=core2 -g -O2 -I/Applications/Xcode.app/Contents/Developer/Platforms/MacOSX.platform/Developer/SDKs/MacOSX10.10.sdk/usr/include/libxml2'
CXX='clang++'
CXXCPP='clang++ -E'
CXXFLAGS='-Wall -mtune=core2 -g -O2'
DEFS='-DHAVE_CONFIG_H'
ECHO_C='\c'
ECHO_N=''
ECHO_T=''
EGREP='/usr/bin/grep -E'
EXEEXT=''
FC='gfortran-4.8'
FCFLAGS='-Wall -g -O2'
GLPK_LIBS=''
GMP_LIBS='-lgmp'
GREP='/usr/bin/grep'
HAVE_GLPK='1'
HAVE_GMP='1'
HAVE_LIBXML='1'
LDFLAGS=''
LIBOBJS=''
LIBS=''
LTLIBOBJS=''
OBJEXT='o'
PACKAGE_BUGREPORT='csardi.gabor@gmail.com'
PACKAGE_NAME='igraph'
PACKAGE_STRING='igraph 0.6.5'
PACKAGE_TARNAME='igraph'
PACKAGE_URL=''
PACKAGE_VERSION='0.6.5'
PATH_SEPARATOR=':'
SHELL='/bin/sh'
XML2CONFIG='/usr/bin/xml2-config'
XML2_CFLAGS='-I/Applications/Xcode.app/Contents/Developer/Platforms/MacOSX.platform/Developer/SDKs/MacOSX10.10.sdk/usr/include/libxml2'
XML2_LIBS='-lxml2'
ac_ct_CC='clang'
ac_ct_CXX=''
ac_ct_FC=''
bindir='${exec_prefix}/bin'
build_alias=''
datadir='${datarootdir}'
datarootdir='${prefix}/share'
docdir='${datarootdir}/doc/${PACKAGE_TARNAME}'
dvidir='${docdir}'
exec_prefix='${prefix}'
host_alias=''
htmldir='${docdir}'
includedir='${prefix}/include'
infodir='${datarootdir}/info'
libdir='${exec_prefix}/lib'
libexecdir='${exec_prefix}/libexec'
localedir='${datarootdir}/locale'
localstatedir='${prefix}/var'
mandir='${datarootdir}/man'
oldincludedir='/usr/include'
pdfdir='${docdir}'
prefix='/usr/local'
program_transform_name='s,x,x,'
psdir='${docdir}'
sbindir='${exec_prefix}/sbin'
sharedstatedir='${prefix}/com'
sysconfdir='${prefix}/etc'
target_alias=''

## ----------- ##
## confdefs.h. ##
## ----------- ##

/* confdefs.h */
#define PACKAGE_NAME "igraph"
#define PACKAGE_TARNAME "igraph"
#define PACKAGE_VERSION "0.6.5"
#define PACKAGE_STRING "igraph 0.6.5"
#define PACKAGE_BUGREPORT "csardi.gabor@gmail.com"
#define PACKAGE_URL ""
#define HAVE_GFORTRAN 1
#define HAVE_RINTF 1
#define HAVE_FINITE 1
#define HAVE_EXPM1 1
#define HAVE_RINT 1
#define HAVE_LOG2 1
#define HAVE_LOGBL 1
#define HAVE_SNPRINTF 1
#define HAVE_LOG1P 1
#define HAVE_ROUND 1
#define HAVE_FMIN 1
#define HAVE_STPCPY 1
#define STDC_HEADERS 1
#define HAVE_SYS_TYPES_H 1
#define HAVE_SYS_STAT_H 1
#define HAVE_STDLIB_H 1
#define HAVE_STRING_H 1
#define HAVE_MEMORY_H 1
#define HAVE_STRINGS_H 1
#define HAVE_INTTYPES_H 1
#define HAVE_STDINT_H 1
#define HAVE_UNISTD_H 1
#define HAVE_TIMES_H 1
#define HAVE_LIBXML 1
#define HAVE_GMP 1
#define HAVE_GLPK 1
#define IGRAPH_THREAD_LOCAL /**/

configure: exit 0
