* using log directory ‘/Users/gaborcsardi/works/igraph/revdep_check/SOMbrero.Rcheck’
* using R version 3.2.0 (2015-04-16)
* using platform: x86_64-apple-darwin13.4.0 (64-bit)
* using session charset: UTF-8
* using options ‘--no-codoc --no-manual’
* checking for file ‘SOMbrero/DESCRIPTION’ ... OK
* this is package ‘SOMbrero’ version ‘1.0’
* checking package namespace information ... OK
* checking package dependencies ... OK
* checking if this is a source package ... OK
* checking if there is a namespace ... OK
* checking for executable files ... OK
* checking for hidden files and directories ... OK
* checking for portable file names ... OK
* checking for sufficient/correct file permissions ... OK
* checking whether package ‘SOMbrero’ can be installed ... OK
* checking installed package size ... OK
* checking package directory ... OK
* checking ‘build’ directory ... OK
* checking DESCRIPTION meta-information ... OK
* checking top-level files ... OK
* checking for left-over files ... OK
* checking index information ... OK
* checking package subdirectories ... OK
* checking R files for non-ASCII characters ... OK
* checking R files for syntax errors ... OK
* checking whether the package can be loaded ... OK
* checking whether the package can be loaded with stated dependencies ... OK
* checking whether the package can be unloaded cleanly ... OK
* checking whether the namespace can be loaded with stated dependencies ... OK
* checking whether the namespace can be unloaded cleanly ... OK
* checking loading without being on the library search path ... OK
* checking use of S3 registration ... OK
* checking dependencies in R code ... OK
* checking S3 generic/method consistency ... OK
* checking replacement functions ... OK
* checking foreign function calls ... OK
* checking R code for possible problems ... OK
* checking Rd files ... OK
* checking Rd metadata ... OK
* checking Rd line widths ... OK
* checking Rd cross-references ... OK
* checking for missing documentation entries ... OK
* checking for code/documentation mismatches ... SKIPPED
* checking Rd \usage sections ... OK
* checking Rd contents ... OK
* checking for unstated dependencies in examples ... OK
* checking contents of ‘data’ directory ... OK
* checking data for non-ASCII characters ... OK
* checking data for ASCII and uncompressed saves ... OK
* checking sizes of PDF files under ‘inst/doc’ ... OK
* checking installed files from ‘inst/doc’ ... OK
* checking files in ‘vignettes’ ... OK
* checking examples ... ERROR
Running examples in ‘SOMbrero-Ex.R’ failed
The error most likely occurred in:

> base::assign(".ptime", proc.time(), pos = "CheckExEnv")
> ### Name: projectIGraph
> ### Title: Compute the projection of a graph on a grid
> ### Aliases: projectIGraph.somRes projectIGraph
> ### Keywords: methods
> 
> ### ** Examples
> 
> data(lesmis)
> set.seed(7383)
> mis.som <- trainSOM(x.data=dissim.lesmis, type="relational", nb.save=10)
> proj.lesmis <- projectIGraph(mis.som, lesmis)
Error in check_version(graph) : 
  This graph was created by an old(er) igraph version.
  Call upgrade_graph() on it to use with the current igraph version
Calls: projectIGraph ... projectGraph -> V -> update_vs_ref -> check_version
Execution halted
* checking for unstated dependencies in ‘tests’ ... OK
* checking tests ... OK
  Running ‘euclidian-relational-test.R’
  Running ‘prediction-test.R’
  Running ‘relational-test.R’
  Running ‘scaling-test.R’
* checking for unstated dependencies in vignettes ... OK
* checking package vignettes in ‘inst/doc’ ... OK
* checking running R code from vignettes ... OK
* checking re-building of vignette outputs ... NOTE
Error in re-building vignettes:
  ...

The following object is masked from 'package:base':

    union


***********************************************************

      This is 'SOMbrero' package, v 1.0

Citation details with citation('SOMbrero')

Further information with help(SOMbrero)...

Use sombreroGUI() to start the Graphical Interface.

Warning! This package has been implemented by girls.
Default colors may not be suited for men.

***********************************************************
Quitting from lines 84-87 (doc-relationalSOM.Rmd) 
Error: processing vignette 'doc-relationalSOM.Rmd' failed with diagnostics:
This graph was created by an old(er) igraph version.
  Call upgrade_graph() on it to use with the current igraph version
Execution halted

* DONE
Status: 1 ERROR, 1 NOTE
