* using log directory ‘/Users/gaborcsardi/works/igraph/revdep_check/loe.Rcheck’
* using R version 3.2.0 (2015-04-16)
* using platform: x86_64-apple-darwin13.4.0 (64-bit)
* using session charset: UTF-8
* using options ‘--no-codoc --no-manual’
* checking for file ‘loe/DESCRIPTION’ ... OK
* checking extension type ... Package
* this is package ‘loe’ version ‘1.0’
* checking package namespace information ... OK
* checking package dependencies ... OK
* checking if this is a source package ... OK
* checking if there is a namespace ... OK
* checking for executable files ... OK
* checking for hidden files and directories ... OK
* checking for portable file names ... OK
* checking for sufficient/correct file permissions ... OK
* checking whether package ‘loe’ can be installed ... WARNING
Found the following significant warnings:
  Warning: replacing previous import by ‘vegan::diversity’ when loading ‘loe’
See ‘/Users/gaborcsardi/works/igraph/revdep_check/loe.Rcheck/00install.out’ for details.
* checking installed package size ... OK
* checking package directory ... OK
* checking DESCRIPTION meta-information ... OK
* checking top-level files ... OK
* checking for left-over files ... OK
* checking index information ... OK
* checking package subdirectories ... OK
* checking R files for non-ASCII characters ... OK
* checking R files for syntax errors ... OK
* checking whether the package can be loaded ... OK
* checking whether the package can be loaded with stated dependencies ... OK
* checking whether the package can be unloaded cleanly ... OK
* checking whether the namespace can be loaded with stated dependencies ... OK
* checking whether the namespace can be unloaded cleanly ... OK
* checking loading without being on the library search path ... OK
* checking use of S3 registration ... OK
* checking dependencies in R code ... OK
* checking S3 generic/method consistency ... OK
* checking replacement functions ... OK
* checking foreign function calls ... OK
* checking R code for possible problems ... OK
* checking Rd files ... OK
* checking Rd metadata ... OK
* checking Rd line widths ... OK
* checking Rd cross-references ... OK
* checking for missing documentation entries ... OK
* checking for code/documentation mismatches ... SKIPPED
* checking Rd \usage sections ... OK
* checking Rd contents ... OK
* checking for unstated dependencies in examples ... OK
* checking line endings in C/C++/Fortran sources/headers ... OK
* checking line endings in Makefiles ... OK
* checking compilation flags in Makevars ... OK
* checking for GNU extensions in Makefiles ... OK
* checking for portable use of $(BLAS_LIBS) and $(LAPACK_LIBS) ... OK
* checking compiled code ... OK
* checking examples ... ERROR
Running examples in ‘loe-Ex.R’ failed
The error most likely occurred in:

> base::assign(".ptime", proc.time(), pos = "CheckExEnv")
> ### Name: LOE
> ### Title: LOE for a unweighted Graph.
> ### Aliases: LOE
> 
> ### ** Examples
> 
> #################
> #Realizable case#
> #################
> ###############################
> #Create a toy data
> x <- seq(-5,5,by=1)
> y <- seq(1,6,by=1)
> hx1 <- seq(-3.5,-1.5,by=0.5)
> hx2 <- seq(1.5,3.5,by=0.5)
> hy <- seq(2.5,4.5,by=0.5)
> D1 <- matrix(0,66,2)
> for(i in 1:11){
+ 	for(j in 1:6){
+ 		D1[i+11*(j-1),] <- c(x[i],y[j])
+ 	}
+ }
> D2n <- matrix(0,25,2)
> D2p <- matrix(0,25,2)
> for(i in 1:5){
+ 	for(j in 1:5){
+ 		D2n[i+5*(j-1),] <- c(hx1[i],hy[j])
+ 		D2p[i+5*(j-1),] <- c(hx2[i],hy[j])
+ 	}
+ }
> D2n <- D2n[-c(7,9,17,19),]
> D2p <- D2p[-c(7,9,17,19),]
> Data <- rbind(D1,D2n,D2p)
> Data <- scale(Data[order(Data[,1]),], scale=FALSE)
> N <- nrow(Data)
> #Visualization of the original data
> plot(Data,pch=20,xlab="",ylab="",cex=1,col=rainbow(N,start=.7,end=.9),
+ xlim=c(-7,7),ylim=c(-7,7),main="Original data")
> 
> #Creating a k-NN graph based on Data
> DM <- as.matrix(dist(Data))
> ADM <- make.kNNG(DM,k=25)
> 
> #plot of the adjacency matrix
> AADM <- ADM
> diag(AADM) <- NA
> image(AADM[N:1,],col=topo.colors(3),ann=FALSE,axes=FALSE)
> 
> #Apply some graph embedding methods
> LE <-spec.emb(A=ADM,2,norm=FALSE)
> result.LOE <- LOE(ADM=ADM,p=2,c=0.1,method="BFGS",report=1000,iniX=LE)
initial  value 590.780031 
final  value 0.000000 
converged
> 
> #Procrustes transform
> PLOE <- procrustes(Data,scale(result.LOE$X,scale=FALSE), scale = TRUE)$Yrot
> plot(PLOE,pch=20,xlab="",ylab="",cex=1,col=rainbow(N,start=.7,end=.9),
+ xlim=c(-7,7),ylim=c(-7,7),main="LOE")
> ###############################
> 
> #############
> #This function provide appropriate vectors of xlim and ylim
> #for given embedding matrix X.
> #############
> make.lim <- function(X){
+ 			mima <- matrix(0, 2,2)
+ 			mima[,1] <- apply(X, 2, min)
+ 			mima[,2] <- apply(X, 2, max)
+ 			han <- mima[,2] - mima[,1]
+ 			cent <-  (mima[,2] + mima[,1])/2
+ 			tmpr <- max(han)+max(han)*0.05
+ 			for(s in 1:2){
+ 				mima[s,] <- c(cent[s]-tmpr/2,cent[s]+tmpr/2)
+ 			}
+ 			return(mima)
+ 		}
> ##############################
> #Standered graph-drawing task#
> ##############################
> ###############################
> ADM <- as.matrix( get.adjacency(graph.famous("Thomassen")) )
> TG <- graph.adjacency(ADM)
> 
> #Apply some graph embedding methods
> LE <-spec.emb(A=ADM,2,norm=FALSE)
> KK <- layout.kamada.kawai(TG,maxiter=1000,start=LE)
Error in layout.kamada.kawai(TG, maxiter = 1000, start = LE) : 
  unused argument (start = LE)
Execution halted
* DONE
Status: 1 ERROR, 1 WARNING
