* using log directory ‘/Users/gaborcsardi/works/igraph/revdep_check/bio3d.Rcheck’
* using R version 3.2.0 (2015-04-16)
* using platform: x86_64-apple-darwin13.4.0 (64-bit)
* using session charset: UTF-8
* using options ‘--no-codoc --no-manual’
* checking for file ‘bio3d/DESCRIPTION’ ... OK
* this is package ‘bio3d’ version ‘2.2-2’
* checking package namespace information ... OK
* checking package dependencies ... OK
* checking if this is a source package ... OK
* checking if there is a namespace ... OK
* checking for executable files ... OK
* checking for hidden files and directories ... OK
* checking for portable file names ... OK
* checking for sufficient/correct file permissions ... OK
* checking whether package ‘bio3d’ can be installed ... OK
* checking installed package size ... OK
* checking package directory ... OK
* checking ‘build’ directory ... OK
* checking DESCRIPTION meta-information ... OK
* checking top-level files ... OK
* checking for left-over files ... OK
* checking index information ... OK
* checking package subdirectories ... OK
* checking R files for non-ASCII characters ... OK
* checking R files for syntax errors ... OK
* checking whether the package can be loaded ... OK
* checking whether the package can be loaded with stated dependencies ... OK
* checking whether the package can be unloaded cleanly ... OK
* checking whether the namespace can be loaded with stated dependencies ... OK
* checking whether the namespace can be unloaded cleanly ... OK
* checking loading without being on the library search path ... OK
* checking use of S3 registration ... OK
* checking dependencies in R code ... NOTE
Missing or unexported object: ‘igraph::plot.igraph’
* checking S3 generic/method consistency ... OK
* checking replacement functions ... OK
* checking foreign function calls ... OK
* checking R code for possible problems ... OK
* checking Rd files ... OK
* checking Rd metadata ... OK
* checking Rd line widths ... OK
* checking Rd cross-references ... OK
* checking for missing documentation entries ... OK
* checking for code/documentation mismatches ... SKIPPED
* checking Rd \usage sections ... OK
* checking Rd contents ... OK
* checking for unstated dependencies in examples ... OK
* checking contents of ‘data’ directory ... OK
* checking data for non-ASCII characters ... OK
* checking data for ASCII and uncompressed saves ... OK
* checking installed files from ‘inst/doc’ ... OK
* checking files in ‘vignettes’ ... OK
* checking examples ... ERROR
Running examples in ‘bio3d-Ex.R’ failed
The error most likely occurred in:

> base::assign(".ptime", proc.time(), pos = "CheckExEnv")
> ### Name: prune.cna
> ### Title: Prune A cna Network Object
> ### Aliases: prune.cna
> ### Keywords: utility
> 
> ### ** Examples
> 
> 
> # Load the correlation network
> attach(hivp)
> 
> # Read the starting PDB file to determine atom correspondence
> pdbfile <- system.file("examples/hivp.pdb", package="bio3d")
> pdb <- read.pdb(pdbfile)
> 
> # Plot coarse grain network based on dynamically coupled communities
> par(mfcol=c(1,2), mar=c(0,0,0,0))
> plot.cna(net)
Error in check_version(graph) : 
  This graph was created by an old(er) igraph version.
  Call upgrade_graph() on it to use with the current igraph version
Calls: plot.cna -> <Anonymous> -> update_es_ref -> check_version
Execution halted
* checking for unstated dependencies in ‘tests’ ... OK
* checking tests ... ERROR
Running the tests in ‘tests/testthat.R’ failed.
Last 13 lines of output:
  .......... .......... .......... .......... ..........
  .......... .......... .......... .......... ..........
  .......... .......... .......... .......... 
  downloaded 590 KB
  
  testthat results ================================================================
  OK: 253 SKIPPED: 0 FAILED: 3
  1. Error: SSE assignment still works 
  2. Error: struct.aln still works 
  3. Error: fit.xyz() gets the same results as VMD 
  
  Error: testthat unit tests failed
  Execution halted
* checking for unstated dependencies in vignettes ... OK
* checking package vignettes in ‘inst/doc’ ... OK
* checking running R code from vignettes ... OK
* checking re-building of vignette outputs ... OK
* DONE
Status: 2 ERRORs, 1 NOTE
