* installing *source* package ‘rPref’ ...
** package ‘rPref’ successfully unpacked and MD5 sums checked
** libs
clang++ -I/Library/Frameworks/R.framework/Resources/include -DNDEBUG  -I/usr/local/include -I/usr/local/include/freetype2 -I/opt/X11/include -I"/Users/gaborcsardi/works/igraph/revdep_lib/Rcpp/include" -I"/Users/gaborcsardi/works/igraph/revdep_lib/RcppParallel/include"   -fPIC  -Wall -mtune=core2 -g -O2  -c RcppExports.cpp -o RcppExports.o
clang++ -I/Library/Frameworks/R.framework/Resources/include -DNDEBUG  -I/usr/local/include -I/usr/local/include/freetype2 -I/opt/X11/include -I"/Users/gaborcsardi/works/igraph/revdep_lib/Rcpp/include" -I"/Users/gaborcsardi/works/igraph/revdep_lib/RcppParallel/include"   -fPIC  -Wall -mtune=core2 -g -O2  -c bnl.cpp -o bnl.o
clang++ -I/Library/Frameworks/R.framework/Resources/include -DNDEBUG  -I/usr/local/include -I/usr/local/include/freetype2 -I/opt/X11/include -I"/Users/gaborcsardi/works/igraph/revdep_lib/Rcpp/include" -I"/Users/gaborcsardi/works/igraph/revdep_lib/RcppParallel/include"   -fPIC  -Wall -mtune=core2 -g -O2  -c hasse.cpp -o hasse.o
clang++ -I/Library/Frameworks/R.framework/Resources/include -DNDEBUG  -I/usr/local/include -I/usr/local/include/freetype2 -I/opt/X11/include -I"/Users/gaborcsardi/works/igraph/revdep_lib/Rcpp/include" -I"/Users/gaborcsardi/works/igraph/revdep_lib/RcppParallel/include"   -fPIC  -Wall -mtune=core2 -g -O2  -c pref-classes.cpp -o pref-classes.o
clang++ -I/Library/Frameworks/R.framework/Resources/include -DNDEBUG  -I/usr/local/include -I/usr/local/include/freetype2 -I/opt/X11/include -I"/Users/gaborcsardi/works/igraph/revdep_lib/Rcpp/include" -I"/Users/gaborcsardi/works/igraph/revdep_lib/RcppParallel/include"   -fPIC  -Wall -mtune=core2 -g -O2  -c psel-par-top.cpp -o psel-par-top.o
clang++ -I/Library/Frameworks/R.framework/Resources/include -DNDEBUG  -I/usr/local/include -I/usr/local/include/freetype2 -I/opt/X11/include -I"/Users/gaborcsardi/works/igraph/revdep_lib/Rcpp/include" -I"/Users/gaborcsardi/works/igraph/revdep_lib/RcppParallel/include"   -fPIC  -Wall -mtune=core2 -g -O2  -c psel-par.cpp -o psel-par.o
clang++ -I/Library/Frameworks/R.framework/Resources/include -DNDEBUG  -I/usr/local/include -I/usr/local/include/freetype2 -I/opt/X11/include -I"/Users/gaborcsardi/works/igraph/revdep_lib/Rcpp/include" -I"/Users/gaborcsardi/works/igraph/revdep_lib/RcppParallel/include"   -fPIC  -Wall -mtune=core2 -g -O2  -c scalagon.cpp -o scalagon.o
clang++ -dynamiclib -Wl,-headerpad_max_install_names -undefined dynamic_lookup -single_module -multiply_defined suppress -L/Library/Frameworks/R.framework/Resources/lib -L/usr/local/lib -o rPref.so RcppExports.o bnl.o hasse.o pref-classes.o psel-par-top.o psel-par.o scalagon.o -F/Library/Frameworks/R.framework/.. -framework R -Wl,-framework -Wl,CoreFoundation
installing to /Users/gaborcsardi/works/igraph/revdep_check/rPref.Rcheck/rPref/libs
** R
** inst
** preparing package for lazy loading
** help
*** installing help indices
** building package indices
** testing if installed package can be loaded
* DONE (rPref)
