* using log directory ‘/Users/gaborcsardi/works/igraph/revdep_check/causaleffect.Rcheck’
* using R version 3.2.0 (2015-04-16)
* using platform: x86_64-apple-darwin13.4.0 (64-bit)
* using session charset: UTF-8
* using options ‘--no-codoc --no-manual’
* checking for file ‘causaleffect/DESCRIPTION’ ... OK
* this is package ‘causaleffect’ version ‘1.1.1’
* checking package namespace information ... OK
* checking package dependencies ... OK
* checking if this is a source package ... OK
* checking if there is a namespace ... OK
* checking for executable files ... OK
* checking for hidden files and directories ... OK
* checking for portable file names ... OK
* checking for sufficient/correct file permissions ... OK
* checking whether package ‘causaleffect’ can be installed ... WARNING
Found the following significant warnings:
  Warning: replacing previous import by ‘igraph::pa’ when loading ‘causaleffect’
See ‘/Users/gaborcsardi/works/igraph/revdep_check/causaleffect.Rcheck/00install.out’ for details.
* checking installed package size ... OK
* checking package directory ... OK
* checking DESCRIPTION meta-information ... OK
* checking top-level files ... OK
* checking for left-over files ... OK
* checking index information ... OK
* checking package subdirectories ... OK
* checking R files for non-ASCII characters ... OK
* checking R files for syntax errors ... OK
* checking whether the package can be loaded ... OK
* checking whether the package can be loaded with stated dependencies ... OK
* checking whether the package can be unloaded cleanly ... OK
* checking whether the namespace can be loaded with stated dependencies ... OK
* checking whether the namespace can be unloaded cleanly ... OK
* checking loading without being on the library search path ... OK
* checking use of S3 registration ... OK
* checking dependencies in R code ... OK
* checking S3 generic/method consistency ... OK
* checking replacement functions ... OK
* checking foreign function calls ... OK
* checking R code for possible problems ... OK
* checking Rd files ... OK
* checking Rd metadata ... OK
* checking Rd line widths ... OK
* checking Rd cross-references ... OK
* checking for missing documentation entries ... OK
* checking for code/documentation mismatches ... SKIPPED
* checking Rd \usage sections ... OK
* checking Rd contents ... OK
* checking for unstated dependencies in examples ... OK
* checking examples ... ERROR
Running examples in ‘causaleffect-Ex.R’ failed
The error most likely occurred in:

> base::assign(".ptime", proc.time(), pos = "CheckExEnv")
> ### Name: causal.effect
> ### Title: Identify a causal effect
> ### Aliases: causal.effect
> 
> ### ** Examples
> 
> library(igraph)

Attaching package: ‘igraph’

The following objects are masked from ‘package:stats’:

    decompose, spectrum

The following object is masked from ‘package:base’:

    union

> 
> # simplify = FALSE to allow multiple edges
> g <- graph.formula(X -+ Y, Z -+ X, Z -+ Y , X -+ Z, Z -+ X, simplify = FALSE) 
> 
> # Here the bidirected edge between X and Z is set to be unobserved in graph g
> # This is denoted by giving them a description attribute with the value "U"
> # The edges in question are the fourth and the fifth edge
> g <- set.edge.attribute(graph = g, name = "description", index = c(4,5), value = "U") 
> 
> res <- causal.effect(y = "Y", x = "X", G = g)
Error in simple_es_index(x, ii) : Unknown edge selected
Calls: causal.effect ... as.igraph.es -> inherits -> [ -> [.igraph.es -> simple_es_index
Execution halted
* DONE
Status: 1 ERROR, 1 WARNING
