* installing *source* package ‘lcd’ ...
** package ‘lcd’ successfully unpacked and MD5 sums checked
** libs
clang -I/Library/Frameworks/R.framework/Resources/include -DNDEBUG  -I/usr/local/include -I/usr/local/include/freetype2 -I/opt/X11/include    -fPIC  -Wall -mtune=core2 -g -O2  -c Lcd_init.c -o Lcd_init.o
clang -I/Library/Frameworks/R.framework/Resources/include -DNDEBUG  -I/usr/local/include -I/usr/local/include/freetype2 -I/opt/X11/include    -fPIC  -Wall -mtune=core2 -g -O2  -c citest.c -o citest.o
clang++ -I/Library/Frameworks/R.framework/Resources/include -DNDEBUG  -I/usr/local/include -I/usr/local/include/freetype2 -I/opt/X11/include    -fPIC  -Wall -mtune=core2 -g -O2  -c compress_freq_table.cpp -o compress_freq_table.o
clang++ -I/Library/Frameworks/R.framework/Resources/include -DNDEBUG  -I/usr/local/include -I/usr/local/include/freetype2 -I/opt/X11/include    -fPIC  -Wall -mtune=core2 -g -O2  -c cond_ind_test.cpp -o cond_ind_test.o
clang++ -I/Library/Frameworks/R.framework/Resources/include -DNDEBUG  -I/usr/local/include -I/usr/local/include/freetype2 -I/opt/X11/include    -fPIC  -Wall -mtune=core2 -g -O2  -c lcd.cpp -o lcd.o
clang++ -dynamiclib -Wl,-headerpad_max_install_names -undefined dynamic_lookup -single_module -multiply_defined suppress -L/Library/Frameworks/R.framework/Resources/lib -L/usr/local/lib -o lcd.so Lcd_init.o citest.o compress_freq_table.o cond_ind_test.o lcd.o -L/Library/Frameworks/R.framework/Resources/lib -lRlapack -L/Library/Frameworks/R.framework/Resources/lib -lRblas -L/usr/local/lib/gcc/x86_64-apple-darwin13.0.0/4.8.2 -lgfortran -lquadmath -lm -F/Library/Frameworks/R.framework/.. -framework R -Wl,-framework -Wl,CoreFoundation
installing to /Users/gaborcsardi/works/igraph/revdep_check/lcd.Rcheck/lcd/libs
** R
** data
*** moving datasets to lazyload DB
** preparing package for lazy loading
Creating a generic function for ‘all.equal’ from package ‘base’ in package ‘lcd’
** help
*** installing help indices
** building package indices
** testing if installed package can be loaded
* DONE (lcd)
