This file contains any messages produced by compilers while
running configure, to aid debugging if configure makes a mistake.

It was created by lfe configure 0.9.1635 , which was
generated by GNU Autoconf 2.69.  Invocation command line was

  $ ./configure 

## --------- ##
## Platform. ##
## --------- ##

hostname = sanyi
uname -m = x86_64
uname -r = 14.3.0
uname -s = Darwin
uname -v = Darwin Kernel Version 14.3.0: Mon Mar 23 11:59:05 PDT 2015; root:xnu-2782.20.48~5/RELEASE_X86_64

/usr/bin/uname -p = i386
/bin/uname -X     = unknown

/bin/arch              = unknown
/usr/bin/arch -k       = unknown
/usr/convex/getsysinfo = unknown
/usr/bin/hostinfo      = Mach kernel version:
	 Darwin Kernel Version 14.3.0: Mon Mar 23 11:59:05 PDT 2015; root:xnu-2782.20.48~5/RELEASE_X86_64
Kernel configured for up to 4 processors.
2 processors are physically available.
4 processors are logically available.
Processor type: x86_64h (Intel x86-64h Haswell)
Processors active: 0 1 2 3
Primary memory available: 16.00 gigabytes
Default processor set: 285 tasks, 1167 threads, 4 processors
Load average: 1.85, Mach factor: 2.16
/bin/machine           = unknown
/usr/bin/oslevel       = unknown
/bin/universe          = unknown

PATH: /opt/local/bin
PATH: /opt/local/sbin
PATH: /opt/local/bin
PATH: /opt/local/sbin
PATH: /Users/gaborcsardi/anaconda/bin
PATH: /usr/local/heroku/bin
PATH: /Users/gaborcsardi/software/bin
PATH: /Users/gaborcsardi/software/go/bin
PATH: /usr/texbin
PATH: /usr/local/bin
PATH: /usr/bin
PATH: /bin
PATH: /usr/sbin
PATH: /sbin
PATH: /opt/X11/bin
PATH: /usr/local/git/bin
PATH: /usr/texbin
PATH: /usr/local/bin


## ----------- ##
## Core tests. ##
## ----------- ##

configure:1963: checking for gcc
configure:1990: result: clang
configure:2219: checking for C compiler version
configure:2228: clang --version >&5
Apple LLVM version 6.1.0 (clang-602.0.53) (based on LLVM 3.6.0svn)
Target: x86_64-apple-darwin14.3.0
Thread model: posix
configure:2239: $? = 0
configure:2228: clang -v >&5
Apple LLVM version 6.1.0 (clang-602.0.53) (based on LLVM 3.6.0svn)
Target: x86_64-apple-darwin14.3.0
Thread model: posix
configure:2239: $? = 0
configure:2228: clang -V >&5
clang: error: argument to '-V' is missing (expected 1 value)
clang: error: no input files
configure:2239: $? = 1
configure:2228: clang -qversion >&5
clang: error: unknown argument: '-qversion'
clang: error: no input files
configure:2239: $? = 1
configure:2259: checking whether the C compiler works
configure:2281: clang    conftest.c  >&5
configure:2285: $? = 0
configure:2333: result: yes
configure:2336: checking for C compiler default output file name
configure:2338: result: a.out
configure:2344: checking for suffix of executables
configure:2351: clang -o conftest    conftest.c  >&5
configure:2355: $? = 0
configure:2377: result: 
configure:2399: checking whether we are cross compiling
configure:2407: clang -o conftest    conftest.c  >&5
configure:2411: $? = 0
configure:2418: ./conftest
configure:2422: $? = 0
configure:2437: result: no
configure:2442: checking for suffix of object files
configure:2464: clang -c   conftest.c >&5
configure:2468: $? = 0
configure:2489: result: o
configure:2493: checking whether we are using the GNU C compiler
configure:2512: clang -c   conftest.c >&5
configure:2512: $? = 0
configure:2521: result: yes
configure:2530: checking whether clang accepts -g
configure:2550: clang -c -g  conftest.c >&5
configure:2550: $? = 0
configure:2591: result: yes
configure:2608: checking for clang option to accept ISO C89
configure:2671: clang  -c -g -O2  conftest.c >&5
configure:2671: $? = 0
configure:2684: result: none needed
configure:2708: checking for gawk
configure:2724: found /usr/local/bin/gawk
configure:2735: result: gawk
configure:2754: checking build system type
configure:2768: result: x86_64-apple-darwin14.3.0
configure:2788: checking host system type
configure:2801: result: x86_64-apple-darwin14.3.0
configure:2934: checking if compiler needs -Werror to reject unknown flags
configure:2950: clang -c -g -O2 -Werror -Wunknown-warning-option -Wsizeof-array-argument  conftest.c >&5
configure:2950: $? = 0
configure:2951: result: yes
configure:2971: checking whether pthreads work with -pthread
configure:3059: clang -o conftest -g -O2 -pthread -Werror   conftest.c   >&5
configure:3059: $? = 0
configure:3068: result: yes
configure:3087: checking for joinable pthread attribute
configure:3102: clang -o conftest -g -O2 -pthread   conftest.c   >&5
configure:3102: $? = 0
configure:3108: result: PTHREAD_CREATE_JOINABLE
configure:3118: checking if more special flags are required for pthreads
configure:3133: result: -D_THREAD_SAFE
configure:3139: checking for PTHREAD_PRIO_INHERIT
configure:3156: clang -o conftest -g -O2 -pthread   conftest.c   >&5
configure:3156: $? = 0
configure:3165: result: yes
configure:3283: checking for timed semaphore wait
configure:3318: clang -o conftest -D_THREAD_SAFE -pthread   conftest.c  >&5
conftest.c:20:8: warning: 'sem_init' is deprecated [-Wdeprecated-declarations]
    if(sem_init(&foo,0,1) != 0) {
       ^
/usr/include/sys/semaphore.h:55:5: note: 'sem_init' has been explicitly marked deprecated here
int sem_init(sem_t *, int, unsigned int) __deprecated;
    ^
conftest.c:24:12: warning: implicit declaration of function 'sem_timedwait' is invalid in C99 [-Wimplicit-function-declaration]
    stat = sem_timedwait(&foo,&tmo);
           ^
2 warnings generated.
Undefined symbols for architecture x86_64:
  "_sem_timedwait", referenced from:
      _main in conftest-1f253e.o
ld: symbol(s) not found for architecture x86_64
clang: error: linker command failed with exit code 1 (use -v to see invocation)
configure:3318: $? = 1
configure: program exited with status 1
configure: failed program was:
| /* confdefs.h */
| #define PACKAGE_NAME "lfe"
| #define PACKAGE_TARNAME "lfe"
| #define PACKAGE_VERSION "0.9.1635 "
| #define PACKAGE_STRING "lfe 0.9.1635 "
| #define PACKAGE_BUGREPORT "frisch@gaure.no"
| #define PACKAGE_URL ""
| #define HAVE_PTHREAD_PRIO_INHERIT 1
| #define HAVE_PTHREAD 1
| /* end confdefs.h.  */
| #include <semaphore.h>
|  #include <stdlib.h>
|  #include <stdio.h>
|  #include <errno.h>
|  #include <time.h>
|   int main(int argc, char *argv[]) {
|     sem_t foo;
|     int stat;
|     struct timespec tmo = {time(NULL),1000000};
|     if(sem_init(&foo,0,1) != 0) {
|       perror("sem_init");
|       exit(1);
|     }
|     stat = sem_timedwait(&foo,&tmo);
|     if(stat != 0 && stat != ETIMEDOUT) {
|       perror("sem_timedwait");
|       exit(1);
|     }
|     exit(0);
|   }
| 
configure:3324: result: no
configure:3334: checking for library containing pthread_setname_np
configure:3365: clang -o conftest -D_THREAD_SAFE -pthread   conftest.c  >&5
configure:3365: $? = 0
configure:3382: result: none required
configure:3508: creating ./config.status

## ---------------------- ##
## Running config.status. ##
## ---------------------- ##

This file was extended by lfe config.status 0.9.1635 , which was
generated by GNU Autoconf 2.69.  Invocation command line was

  CONFIG_FILES    = 
  CONFIG_HEADERS  = 
  CONFIG_LINKS    = 
  CONFIG_COMMANDS = 
  $ ./config.status 

on sanyi

config.status:803: creating src/Makevars
config.status:803: creating src/config.h

## ---------------- ##
## Cache variables. ##
## ---------------- ##

ac_cv_build=x86_64-apple-darwin14.3.0
ac_cv_c_compiler_gnu=yes
ac_cv_env_CC_set=
ac_cv_env_CC_value=
ac_cv_env_CFLAGS_set=
ac_cv_env_CFLAGS_value=
ac_cv_env_CPPFLAGS_set=
ac_cv_env_CPPFLAGS_value=
ac_cv_env_LDFLAGS_set=
ac_cv_env_LDFLAGS_value=
ac_cv_env_LIBS_set=
ac_cv_env_LIBS_value=
ac_cv_env_build_alias_set=
ac_cv_env_build_alias_value=
ac_cv_env_host_alias_set=
ac_cv_env_host_alias_value=
ac_cv_env_target_alias_set=
ac_cv_env_target_alias_value=
ac_cv_host=x86_64-apple-darwin14.3.0
ac_cv_objext=o
ac_cv_prog_AWK=gawk
ac_cv_prog_ac_ct_CC=clang
ac_cv_prog_cc_c89=
ac_cv_prog_cc_g=yes
ac_cv_search_pthread_setname_np='none required'
ax_cv_PTHREAD_PRIO_INHERIT=yes

## ----------------- ##
## Output variables. ##
## ----------------- ##

AWK='gawk'
CC='clang'
CFLAGS='-D_THREAD_SAFE -pthread'
CPPFLAGS=''
DEFS='-DHAVE_CONFIG_H'
DFLAGS=''
ECHO_C='\c'
ECHO_N=''
ECHO_T=''
EXEEXT=''
HAVE_THREADNAME=''
LDFLAGS=''
LIBOBJS=''
LIBS=''
LTLIBOBJS=''
OBJEXT='o'
PACKAGE_BUGREPORT='frisch@gaure.no'
PACKAGE_NAME='lfe'
PACKAGE_STRING='lfe 0.9.1635 '
PACKAGE_TARNAME='lfe'
PACKAGE_URL=''
PACKAGE_VERSION='0.9.1635 '
PATH_SEPARATOR=':'
PTHREAD_CC='clang'
PTHREAD_CFLAGS='-D_THREAD_SAFE -pthread'
PTHREAD_LIBS=''
SHELL='/bin/sh'
ac_ct_CC='clang'
ax_pthread_config=''
bindir='${exec_prefix}/bin'
build='x86_64-apple-darwin14.3.0'
build_alias=''
build_cpu='x86_64'
build_os='darwin14.3.0'
build_vendor='apple'
datadir='${datarootdir}'
datarootdir='${prefix}/share'
docdir='${datarootdir}/doc/${PACKAGE_TARNAME}'
dvidir='${docdir}'
exec_prefix='${prefix}'
host='x86_64-apple-darwin14.3.0'
host_alias=''
host_cpu='x86_64'
host_os='darwin14.3.0'
host_vendor='apple'
htmldir='${docdir}'
includedir='${prefix}/include'
infodir='${datarootdir}/info'
libdir='${exec_prefix}/lib'
libexecdir='${exec_prefix}/libexec'
localedir='${datarootdir}/locale'
localstatedir='${prefix}/var'
mandir='${datarootdir}/man'
oldincludedir='/usr/include'
pdfdir='${docdir}'
prefix='/usr/local'
program_transform_name='s,x,x,'
psdir='${docdir}'
sbindir='${exec_prefix}/sbin'
sharedstatedir='${prefix}/com'
sysconfdir='${prefix}/etc'
target_alias=''

## ----------- ##
## confdefs.h. ##
## ----------- ##

/* confdefs.h */
#define PACKAGE_NAME "lfe"
#define PACKAGE_TARNAME "lfe"
#define PACKAGE_VERSION "0.9.1635 "
#define PACKAGE_STRING "lfe 0.9.1635 "
#define PACKAGE_BUGREPORT "frisch@gaure.no"
#define PACKAGE_URL ""
#define HAVE_PTHREAD_PRIO_INHERIT 1
#define HAVE_PTHREAD 1
#define HAVE_THREADNAME 1

configure: exit 0
