* using log directory ‘/Users/gaborcsardi/works/igraph/revdep_check/lfe.Rcheck’
* using R version 3.2.0 (2015-04-16)
* using platform: x86_64-apple-darwin13.4.0 (64-bit)
* using session charset: UTF-8
* using options ‘--no-codoc --no-manual’
* checking for file ‘lfe/DESCRIPTION’ ... OK
* this is package ‘lfe’ version ‘2.3-1709’
* checking package namespace information ... OK
* checking package dependencies ... OK
* checking if this is a source package ... OK
* checking if there is a namespace ... OK
* checking for executable files ... OK
* checking for hidden files and directories ... OK
* checking for portable file names ... OK
* checking for sufficient/correct file permissions ... OK
* checking whether package ‘lfe’ can be installed ... OK
* checking installed package size ... OK
* checking package directory ... OK
* checking ‘build’ directory ... OK
* checking DESCRIPTION meta-information ... OK
* checking top-level files ... OK
* checking for left-over files ... OK
* checking index information ... OK
* checking package subdirectories ... OK
* checking R files for non-ASCII characters ... OK
* checking R files for syntax errors ... OK
* checking whether the package can be loaded ... OK
* checking whether the package can be loaded with stated dependencies ... OK
* checking whether the package can be unloaded cleanly ... OK
* checking whether the namespace can be loaded with stated dependencies ... OK
* checking whether the namespace can be unloaded cleanly ... OK
* checking loading without being on the library search path ... OK
* checking use of S3 registration ... OK
* checking dependencies in R code ... OK
* checking S3 generic/method consistency ... OK
* checking replacement functions ... OK
* checking foreign function calls ... OK
* checking R code for possible problems ... OK
* checking Rd files ... OK
* checking Rd metadata ... OK
* checking Rd line widths ... OK
* checking Rd cross-references ... OK
* checking for missing documentation entries ... OK
* checking for code/documentation mismatches ... SKIPPED
* checking Rd \usage sections ... OK
* checking Rd contents ... OK
* checking for unstated dependencies in examples ... OK
* checking line endings in C/C++/Fortran sources/headers ... OK
* checking line endings in Makefiles ... OK
* checking compilation flags in Makevars ... OK
* checking for GNU extensions in Makefiles ... OK
* checking for portable use of $(BLAS_LIBS) and $(LAPACK_LIBS) ... OK
* checking compiled code ... OK
* checking sizes of PDF files under ‘inst/doc’ ... OK
* checking installed files from ‘inst/doc’ ... OK
* checking files in ‘vignettes’ ... OK
* checking examples ... [8s/25s] OK
Examples with CPU or elapsed time > 5s
         user system elapsed
fevcov  0.511  0.085   6.980
varvars 0.170  0.053   7.696
* checking for unstated dependencies in ‘tests’ ... OK
* checking tests ... [30s/62s] OK
  Running ‘anomalies.R’
  Comparing ‘anomalies.Rout’ to ‘anomalies.Rout.save’ ... OK
  Running ‘bctest.R’ [2s/14s]
  Comparing ‘bctest.Rout’ to ‘bctest.Rout.save’ ... OK
  Running ‘cgsolve.R’
  Comparing ‘cgsolve.Rout’ to ‘cgsolve.Rout.save’ ... OK
  Running ‘cluster.R’
  Comparing ‘cluster.Rout’ to ‘cluster.Rout.save’ ... OK
  Running ‘comparelm.R’
  Comparing ‘comparelm.Rout’ to ‘comparelm.Rout.save’ ... OK
  Running ‘degenerate.R’
  Comparing ‘degenerate.Rout’ to ‘degenerate.Rout.save’ ... OK
  Running ‘efcheck.R’
  Comparing ‘efcheck.Rout’ to ‘efcheck.Rout.save’ ... OK
  Running ‘fourfac.R’
  Comparing ‘fourfac.Rout’ to ‘fourfac.Rout.save’ ... OK
  Running ‘interact.R’
  Comparing ‘interact.Rout’ to ‘interact.Rout.save’ ... OK
  Running ‘ivtest.R’
  Comparing ‘ivtest.Rout’ to ‘ivtest.Rout.save’ ... OK
  Running ‘lfetest.R’
  Comparing ‘lfetest.Rout’ to ‘lfetest.Rout.save’ ... OK
  Running ‘mlhs.R’
  Comparing ‘mlhs.Rout’ to ‘mlhs.Rout.save’ ... OK
  Running ‘multiway.R’
  Comparing ‘multiway.Rout’ to ‘multiway.Rout.save’ ... OK
  Running ‘naomit.R’
  Comparing ‘naomit.Rout’ to ‘naomit.Rout.save’ ... OK
  Running ‘nonest.R’
  Comparing ‘nonest.Rout’ to ‘nonest.Rout.save’ ... OK
  Running ‘onefac.R’
  Comparing ‘onefac.Rout’ to ‘onefac.Rout.save’ ... OK
  Running ‘verify.R’
  Comparing ‘verify.Rout’ to ‘verify.Rout.save’ ... OK
  Running ‘weights.R’ [2s/16s]
  Comparing ‘weights.Rout’ to ‘weights.Rout.save’ ... OK
* checking for unstated dependencies in vignettes ... OK
* checking package vignettes in ‘inst/doc’ ... OK
* checking running R code from vignettes ... OK
* checking re-building of vignette outputs ... [37s/40s] OK
* DONE
Status: OK
