* using log directory ‘/Users/gaborcsardi/works/igraph/revdep_check/modMax.Rcheck’
* using R version 3.2.0 (2015-04-16)
* using platform: x86_64-apple-darwin13.4.0 (64-bit)
* using session charset: UTF-8
* using options ‘--no-codoc --no-manual’
* checking for file ‘modMax/DESCRIPTION’ ... OK
* checking extension type ... Package
* this is package ‘modMax’ version ‘1.0’
* checking package namespace information ... OK
* checking package dependencies ... OK
* checking if this is a source package ... OK
* checking if there is a namespace ... OK
* checking for executable files ... OK
* checking for hidden files and directories ... OK
* checking for portable file names ... OK
* checking for sufficient/correct file permissions ... OK
* checking whether package ‘modMax’ can be installed ... WARNING
Found the following significant warnings:
  Warning: replacing previous import by ‘gtools::permute’ when loading ‘modMax’
See ‘/Users/gaborcsardi/works/igraph/revdep_check/modMax.Rcheck/00install.out’ for details.
* checking installed package size ... OK
* checking package directory ... OK
* checking DESCRIPTION meta-information ... OK
* checking top-level files ... OK
* checking for left-over files ... OK
* checking index information ... OK
* checking package subdirectories ... OK
* checking R files for non-ASCII characters ... OK
* checking R files for syntax errors ... OK
* checking whether the package can be loaded ... OK
* checking whether the package can be loaded with stated dependencies ... OK
* checking whether the package can be unloaded cleanly ... OK
* checking whether the namespace can be loaded with stated dependencies ... OK
* checking whether the namespace can be unloaded cleanly ... OK
* checking loading without being on the library search path ... OK
* checking use of S3 registration ... OK
* checking dependencies in R code ... OK
* checking S3 generic/method consistency ... OK
* checking replacement functions ... OK
* checking foreign function calls ... OK
* checking R code for possible problems ... OK
* checking Rd files ... OK
* checking Rd metadata ... OK
* checking Rd line widths ... OK
* checking Rd cross-references ... OK
* checking for missing documentation entries ... OK
* checking for code/documentation mismatches ... SKIPPED
* checking Rd \usage sections ... OK
* checking Rd contents ... OK
* checking for unstated dependencies in examples ... OK
* checking examples ... ERROR
Running examples in ‘modMax-Ex.R’ failed
The error most likely occurred in:

> base::assign(".ptime", proc.time(), pos = "CheckExEnv")
> ### Name: extremalOptimization
> ### Title: Extremal optimization (EO) algorithms
> ### Aliases: extremalOptimization pcseoss
> ### Keywords: Extremal Optimization Community Modularity Random Local
> ###   Search Agent Social Networks PCSEO-SS algorithm Community structure
> ###   Conflict pairwise constraints large-scale network
> 
> ### ** Examples
> 
> 
> #weighted network
> randomgraph <- erdos.renyi.game(10, 0.3, type="gnp",directed = FALSE, loops = FALSE)
> 
> #to ensure that the graph is connected
> vertices <- which(clusters(randomgraph)$membership==1)  
> graph <- induced.subgraph(randomgraph,vertices)
> graph <- set.edge.attribute(graph, "weight", value=runif(ecount(graph),0,1))
> 
> adj <- get.adjacency(graph, attr="weight")
> result <- extremalOptimization(adj)
Error in switch(mode, out = 1, `in` = 2, all = 3, total = 3) : 
  EXPR must be a length 1 vector
Calls: extremalOptimization ... callExtremalOptimization -> calculateLambda -> neighbors
Execution halted
* DONE
Status: 1 ERROR, 1 WARNING
