* using log directory ‘/Users/gaborcsardi/works/igraph/revdep_check/huge.Rcheck’
* using R version 3.2.0 (2015-04-16)
* using platform: x86_64-apple-darwin13.4.0 (64-bit)
* using session charset: UTF-8
* using options ‘--no-codoc --no-manual’
* checking for file ‘huge/DESCRIPTION’ ... OK
* checking extension type ... Package
* this is package ‘huge’ version ‘1.2.6’
* checking package namespace information ... OK
* checking package dependencies ... OK
* checking if this is a source package ... OK
* checking if there is a namespace ... OK
* checking for executable files ... OK
* checking for hidden files and directories ... OK
* checking for portable file names ... OK
* checking for sufficient/correct file permissions ... OK
* checking whether package ‘huge’ can be installed ... OK
* checking installed package size ... OK
* checking package directory ... OK
* checking ‘build’ directory ... OK
* checking DESCRIPTION meta-information ... OK
* checking top-level files ... OK
* checking for left-over files ... OK
* checking index information ... OK
* checking package subdirectories ... OK
* checking R files for non-ASCII characters ... OK
* checking R files for syntax errors ... OK
* checking whether the package can be loaded ... OK
* checking whether the package can be loaded with stated dependencies ... OK
* checking whether the package can be unloaded cleanly ... OK
* checking whether the namespace can be loaded with stated dependencies ... OK
* checking whether the namespace can be unloaded cleanly ... OK
* checking loading without being on the library search path ... OK
* checking use of S3 registration ... OK
* checking dependencies in R code ... OK
* checking S3 generic/method consistency ... OK
* checking replacement functions ... OK
* checking foreign function calls ... OK
* checking R code for possible problems ... OK
* checking Rd files ... OK
* checking Rd metadata ... OK
* checking Rd line widths ... OK
* checking Rd cross-references ... OK
* checking for missing documentation entries ... OK
* checking for code/documentation mismatches ... SKIPPED
* checking Rd \usage sections ... OK
* checking Rd contents ... OK
* checking for unstated dependencies in examples ... OK
* checking contents of ‘data’ directory ... OK
* checking data for non-ASCII characters ... OK
* checking data for ASCII and uncompressed saves ... OK
* checking line endings in C/C++/Fortran sources/headers ... OK
* checking compiled code ... NOTE
File ‘huge/libs/huge.so’:
  Found ‘_rand’, possibly from ‘rand’ (C)
    Object: ‘SFGen.o’
  Found ‘_srand’, possibly from ‘srand’ (C)
    Object: ‘SFGen.o’

Compiled code should not call entry points which might terminate R nor
write to stdout/stderr instead of to the console, nor the system RNG.

See ‘Writing portable packages’ in the ‘Writing R Extensions’ manual.
* checking sizes of PDF files under ‘inst/doc’ ... OK
* checking installed files from ‘inst/doc’ ... OK
* checking files in ‘vignettes’ ... OK
* checking examples ... [22s/22s] OK
Examples with CPU or elapsed time > 5s
             user system elapsed
huge.select 6.711  0.013   6.731
* checking for unstated dependencies in vignettes ... OK
* checking package vignettes in ‘inst/doc’ ... OK
* checking running R code from vignettes ... OK
* checking re-building of vignette outputs ... OK
* DONE
Status: 1 NOTE
