* using log directory ‘/Users/gaborcsardi/works/igraph/revdep_check/FrF2.Rcheck’
* using R version 3.2.0 (2015-04-16)
* using platform: x86_64-apple-darwin13.4.0 (64-bit)
* using session charset: UTF-8
* using options ‘--no-codoc --no-manual’
* checking for file ‘FrF2/DESCRIPTION’ ... OK
* this is package ‘FrF2’ version ‘1.7-1’
* package encoding: latin1
* checking package namespace information ... OK
* checking package dependencies ... OK
* checking if this is a source package ... OK
* checking if there is a namespace ... OK
* checking for executable files ... OK
* checking for hidden files and directories ... OK
* checking for portable file names ... OK
* checking for sufficient/correct file permissions ... OK
* checking whether package ‘FrF2’ can be installed ... OK
* checking installed package size ... OK
* checking package directory ... OK
* checking DESCRIPTION meta-information ... OK
* checking top-level files ... OK
* checking for left-over files ... OK
* checking index information ... OK
* checking package subdirectories ... OK
* checking R files for non-ASCII characters ... OK
* checking R files for syntax errors ... OK
* checking whether the package can be loaded ... OK
* checking whether the package can be loaded with stated dependencies ... OK
* checking whether the package can be unloaded cleanly ... OK
* checking whether the namespace can be loaded with stated dependencies ... OK
* checking whether the namespace can be unloaded cleanly ... OK
* checking loading without being on the library search path ... OK
* checking use of S3 registration ... OK
* checking dependencies in R code ... NOTE
'library' or 'require' call to ‘FrF2.catlg128’ in package code.
  Please use :: or requireNamespace() instead.
  See section 'Suggested packages' in the 'Writing R Extensions' manual.
* checking S3 generic/method consistency ... OK
* checking replacement functions ... OK
* checking foreign function calls ... OK
* checking R code for possible problems ... OK
* checking Rd files ... OK
* checking Rd metadata ... OK
* checking Rd line widths ... OK
* checking Rd cross-references ... WARNING
Package unavailable to check Rd xrefs: ‘DoE.wrapper’
Missing link or links in documentation object 'CIG.Rd':
  ‘[igraph]{layout}’

See section 'Cross-references' in the 'Writing R Extensions' manual.

* checking for missing documentation entries ... OK
* checking for code/documentation mismatches ... SKIPPED
* checking Rd \usage sections ... OK
* checking Rd contents ... OK
* checking for unstated dependencies in examples ... OK
* checking R/sysdata.rda ... OK
* checking examples ... OK
* checking for unstated dependencies in ‘tests’ ... OK
* checking tests ... [29s/29s] OK
  Running ‘FrF2test.R’ [11s/11s]
  Comparing ‘FrF2test.Rout’ to ‘FrF2test.Rout.save’ ...15,18d14
< The following object is masked from 'package:base':
< 
<     lengths
< 
  Running ‘addcentertest.R’
  Comparing ‘addcentertest.Rout’ to ‘addcentertest.Rout.save’ ...15,18d14
< The following object is masked from 'package:base':
< 
<     lengths
< 
  Running ‘foldtest.R’
  Comparing ‘foldtest.Rout’ to ‘foldtest.Rout.save’ ...15,18d14
< The following object is masked from 'package:base':
< 
<     lengths
< 
  Running ‘generators.from.designtest.R’
  Comparing ‘generators.from.designtest.Rout’ to ‘generators.from.designtest.Rout.save’ ...15,18d14
< The following object is masked from 'package:base':
< 
<     lengths
< 
  Running ‘generators.summary.test.R’
  Comparing ‘generators.summary.test.Rout’ to ‘generators.summary.test.Rout.save’ ...15,18d14
< The following object is masked from 'package:base':
< 
<     lengths
< 
  Running ‘pbtest.R’
  Comparing ‘pbtest.Rout’ to ‘pbtest.Rout.save’ ...15,18d14
< The following object is masked from 'package:base':
< 
<     lengths
< 
* DONE
Status: 1 WARNING, 1 NOTE
