* installing *source* package ‘raster’ ...
** package ‘raster’ successfully unpacked and MD5 sums checked
** libs
clang -I/Library/Frameworks/R.framework/Resources/include -DNDEBUG  -I/usr/local/include -I/usr/local/include/freetype2 -I/opt/X11/include    -fPIC  -Wall -mtune=core2 -g -O2  -c aggregate.c -o aggregate.o
clang -I/Library/Frameworks/R.framework/Resources/include -DNDEBUG  -I/usr/local/include -I/usr/local/include/freetype2 -I/opt/X11/include    -fPIC  -Wall -mtune=core2 -g -O2  -c aggregate_get.c -o aggregate_get.o
clang -I/Library/Frameworks/R.framework/Resources/include -DNDEBUG  -I/usr/local/include -I/usr/local/include/freetype2 -I/opt/X11/include    -fPIC  -Wall -mtune=core2 -g -O2  -c broom.c -o broom.o
clang -I/Library/Frameworks/R.framework/Resources/include -DNDEBUG  -I/usr/local/include -I/usr/local/include/freetype2 -I/opt/X11/include    -fPIC  -Wall -mtune=core2 -g -O2  -c clamp.c -o clamp.o
clang -I/Library/Frameworks/R.framework/Resources/include -DNDEBUG  -I/usr/local/include -I/usr/local/include/freetype2 -I/opt/X11/include    -fPIC  -Wall -mtune=core2 -g -O2  -c direction.c -o direction.o
clang -I/Library/Frameworks/R.framework/Resources/include -DNDEBUG  -I/usr/local/include -I/usr/local/include/freetype2 -I/opt/X11/include    -fPIC  -Wall -mtune=core2 -g -O2  -c dist_util.c -o dist_util.o
clang -I/Library/Frameworks/R.framework/Resources/include -DNDEBUG  -I/usr/local/include -I/usr/local/include/freetype2 -I/opt/X11/include    -fPIC  -Wall -mtune=core2 -g -O2  -c distance.c -o distance.o
clang -I/Library/Frameworks/R.framework/Resources/include -DNDEBUG  -I/usr/local/include -I/usr/local/include/freetype2 -I/opt/X11/include    -fPIC  -Wall -mtune=core2 -g -O2  -c edge.c -o edge.o
clang -I/Library/Frameworks/R.framework/Resources/include -DNDEBUG  -I/usr/local/include -I/usr/local/include/freetype2 -I/opt/X11/include    -fPIC  -Wall -mtune=core2 -g -O2  -c focal_fun.c -o focal_fun.o
clang -I/Library/Frameworks/R.framework/Resources/include -DNDEBUG  -I/usr/local/include -I/usr/local/include/freetype2 -I/opt/X11/include    -fPIC  -Wall -mtune=core2 -g -O2  -c focal_get.c -o focal_get.o
clang -I/Library/Frameworks/R.framework/Resources/include -DNDEBUG  -I/usr/local/include -I/usr/local/include/freetype2 -I/opt/X11/include    -fPIC  -Wall -mtune=core2 -g -O2  -c focal_sum.c -o focal_sum.o
clang -I/Library/Frameworks/R.framework/Resources/include -DNDEBUG  -I/usr/local/include -I/usr/local/include/freetype2 -I/opt/X11/include    -fPIC  -Wall -mtune=core2 -g -O2  -c intersect.c -o intersect.o
clang -I/Library/Frameworks/R.framework/Resources/include -DNDEBUG  -I/usr/local/include -I/usr/local/include/freetype2 -I/opt/X11/include    -fPIC  -Wall -mtune=core2 -g -O2  -c layerize.c -o layerize.o
clang -I/Library/Frameworks/R.framework/Resources/include -DNDEBUG  -I/usr/local/include -I/usr/local/include/freetype2 -I/opt/X11/include    -fPIC  -Wall -mtune=core2 -g -O2  -c minmax.c -o minmax.o
clang -I/Library/Frameworks/R.framework/Resources/include -DNDEBUG  -I/usr/local/include -I/usr/local/include/freetype2 -I/opt/X11/include    -fPIC  -Wall -mtune=core2 -g -O2  -c mode.c -o mode.o
clang -I/Library/Frameworks/R.framework/Resources/include -DNDEBUG  -I/usr/local/include -I/usr/local/include/freetype2 -I/opt/X11/include    -fPIC  -Wall -mtune=core2 -g -O2  -c pointinpoly.c -o pointinpoly.o
clang -I/Library/Frameworks/R.framework/Resources/include -DNDEBUG  -I/usr/local/include -I/usr/local/include/freetype2 -I/opt/X11/include    -fPIC  -Wall -mtune=core2 -g -O2  -c rasterize.c -o rasterize.o
clang -I/Library/Frameworks/R.framework/Resources/include -DNDEBUG  -I/usr/local/include -I/usr/local/include/freetype2 -I/opt/X11/include    -fPIC  -Wall -mtune=core2 -g -O2  -c reclass.c -o reclass.o
clang -I/Library/Frameworks/R.framework/Resources/include -DNDEBUG  -I/usr/local/include -I/usr/local/include/freetype2 -I/opt/X11/include    -fPIC  -Wall -mtune=core2 -g -O2  -c solar.c -o solar.o
clang -I/Library/Frameworks/R.framework/Resources/include -DNDEBUG  -I/usr/local/include -I/usr/local/include/freetype2 -I/opt/X11/include    -fPIC  -Wall -mtune=core2 -g -O2  -c terrain.c -o terrain.o
clang -I/Library/Frameworks/R.framework/Resources/include -DNDEBUG  -I/usr/local/include -I/usr/local/include/freetype2 -I/opt/X11/include    -fPIC  -Wall -mtune=core2 -g -O2  -c util.c -o util.o
clang -I/Library/Frameworks/R.framework/Resources/include -DNDEBUG  -I/usr/local/include -I/usr/local/include/freetype2 -I/opt/X11/include    -fPIC  -Wall -mtune=core2 -g -O2  -c wirth.c -o wirth.o
clang -dynamiclib -Wl,-headerpad_max_install_names -undefined dynamic_lookup -single_module -multiply_defined suppress -L/Library/Frameworks/R.framework/Resources/lib -L/usr/local/lib -o raster.so aggregate.o aggregate_get.o broom.o clamp.o direction.o dist_util.o distance.o edge.o focal_fun.o focal_get.o focal_sum.o intersect.o layerize.o minmax.o mode.o pointinpoly.o rasterize.o reclass.o solar.o terrain.o util.o wirth.o -F/Library/Frameworks/R.framework/.. -framework R -Wl,-framework -Wl,CoreFoundation
installing to /Users/gaborcsardi/works/igraph/revdep_check/raster.Rcheck/raster/libs
** R
** inst
** byte-compile and prepare package for lazy loading
Creating a generic function for ‘aggregate’ from package ‘stats’ in package ‘raster’
Creating a generic function for ‘as.array’ from package ‘base’ in package ‘raster’
Creating a generic function for ‘as.matrix’ from package ‘base’ in package ‘raster’
Creating a generic function for ‘as.vector’ from package ‘base’ in package ‘raster’
in method for ‘brick’ with signature ‘x="big.matrix"’: no definition for class “big.matrix”
in method for ‘brick’ with signature ‘x="kasc"’: no definition for class “kasc”
in method for ‘brick’ with signature ‘x="grf"’: no definition for class “grf”
in method for ‘coerce’ with signature ‘"STFDF","RasterBrick"’: no definition for class “STFDF”
in method for ‘coerce’ with signature ‘"STSDF","RasterBrick"’: no definition for class “STSDF”
in method for ‘coerce’ with signature ‘"asc","RasterLayer"’: no definition for class “asc”
in method for ‘coerce’ with signature ‘"RasterLayer","asc"’: no definition for class “asc”
in method for ‘coerce’ with signature ‘"kasc","RasterBrick"’: no definition for class “kasc”
in method for ‘coerce’ with signature ‘"kasc","RasterStack"’: no definition for class “kasc”
in method for ‘coerce’ with signature ‘"kde","RasterLayer"’: no definition for class “kde”
in method for ‘coerce’ with signature ‘"grf","RasterBrick"’: no definition for class “grf”
in method for ‘coerce’ with signature ‘"grf","RasterLayer"’: no definition for class “grf”
Creating a generic function for ‘nrow’ from package ‘base’ in package ‘raster’
Creating a generic function for ‘ncol’ from package ‘base’ in package ‘raster’
Creating a generic function for ‘hist’ from package ‘graphics’ in package ‘raster’
Creating a generic function for ‘mean’ from package ‘base’ in package ‘raster’
Creating a generic function for ‘labels’ from package ‘base’ in package ‘raster’
Creating a generic function for ‘print’ from package ‘base’ in package ‘raster’
Creating a generic function for ‘quantile’ from package ‘stats’ in package ‘raster’
in method for ‘raster’ with signature ‘x="big.matrix"’: no definition for class “big.matrix”
in method for ‘raster’ with signature ‘x="kasc"’: no definition for class “kasc”
in method for ‘raster’ with signature ‘x="asc"’: no definition for class “asc”
in method for ‘raster’ with signature ‘x="kde"’: no definition for class “kde”
in method for ‘raster’ with signature ‘x="grf"’: no definition for class “grf”
Creating a generic function for ‘scale’ from package ‘base’ in package ‘raster’
in method for ‘stack’ with signature ‘x="kasc"’: no definition for class “kasc”
** help
*** installing help indices
** building package indices
** installing vignettes
** testing if installed package can be loaded
* DONE (raster)
