* using log directory ‘/Users/gaborcsardi/works/igraph/revdep_check/optrees.Rcheck’
* using R version 3.2.0 (2015-04-16)
* using platform: x86_64-apple-darwin13.4.0 (64-bit)
* using session charset: UTF-8
* using options ‘--no-codoc --no-manual’
* checking for file ‘optrees/DESCRIPTION’ ... OK
* checking extension type ... Package
* this is package ‘optrees’ version ‘1.0’
* checking package namespace information ... OK
* checking package dependencies ... OK
* checking if this is a source package ... OK
* checking if there is a namespace ... OK
* checking for executable files ... OK
* checking for hidden files and directories ... OK
* checking for portable file names ... OK
* checking for sufficient/correct file permissions ... OK
* checking whether package ‘optrees’ can be installed ... OK
* checking installed package size ... OK
* checking package directory ... OK
* checking DESCRIPTION meta-information ... OK
* checking top-level files ... OK
* checking for left-over files ... OK
* checking index information ... OK
* checking package subdirectories ... OK
* checking R files for non-ASCII characters ... OK
* checking R files for syntax errors ... OK
* checking whether the package can be loaded ... OK
* checking whether the package can be loaded with stated dependencies ... OK
* checking whether the package can be unloaded cleanly ... OK
* checking whether the namespace can be loaded with stated dependencies ... OK
* checking whether the namespace can be unloaded cleanly ... OK
* checking loading without being on the library search path ... OK
* checking use of S3 registration ... OK
* checking dependencies in R code ... OK
* checking S3 generic/method consistency ... OK
* checking replacement functions ... OK
* checking foreign function calls ... OK
* checking R code for possible problems ... NOTE
repGraph: no visible global function definition for ‘plot.igraph’
* checking Rd files ... OK
* checking Rd metadata ... OK
* checking Rd line widths ... OK
* checking Rd cross-references ... OK
* checking for missing documentation entries ... OK
* checking for code/documentation mismatches ... SKIPPED
* checking Rd \usage sections ... OK
* checking Rd contents ... OK
* checking for unstated dependencies in examples ... OK
* checking examples ... ERROR
Running examples in ‘optrees-Ex.R’ failed
The error most likely occurred in:

> base::assign(".ptime", proc.time(), pos = "CheckExEnv")
> ### Name: getMinimumArborescence
> ### Title: Computes a minimum cost arborescence
> ### Aliases: getMinimumArborescence
> 
> ### ** Examples
> 
> # Graph
> nodes <- 1:4
> arcs <- matrix(c(1,2,2, 1,3,3, 1,4,4, 2,3,3, 2,4,4, 3,2,3,
+                  3,4,1, 4,2,1, 4,3,2),byrow = TRUE, ncol = 3)
> # Minimum cost arborescence
> getMinimumArborescence(nodes, arcs)

 Minimum cost spanning arborescence 
 Algorithm: Edmonds 
 Stages:  2 | Time:  0.005 
 ------------------------------
      head     tail    weight 
         1        3         3
         3        4         1
         4        2         1
 ------------------------------
                   Total = 5 

Error in repGraph(nodes, arcs, tree = msa$tree.arcs, directed = TRUE,  : 
  could not find function "plot.igraph"
Calls: getMinimumArborescence -> repGraph
Execution halted
* DONE
Status: 1 ERROR, 1 NOTE
